2025-09-22 14:33:33,813 [Worker-1: Loading available Gradle versions] INFO  o.e.b.c.i.u.g.PublishedGradleVersions - Gradle version information cache is not available. Remote download required.
2025-09-22 14:40:27,455 [Worker-1: Import Getting Started Content] INFO  o.e.m.c.i.l.LifecycleMappingFactory - Using org.eclipse.m2e.jdt.JarLifecycleMapping lifecycle mapping for MavenProject: com.algaworks:algafood-api:0.0.1-SNAPSHOT @ C:\JavaSpring\SpringBoot\algafood-api\pom.xml.
2025-09-22 14:40:29,033 [Worker-1: Import Getting Started Content] INFO  o.e.m.j.i.AbstractJavaProjectConfigurator - Adding source folder /algafood-api/src/main/java
2025-09-22 14:40:29,038 [Worker-1: Import Getting Started Content] INFO  o.e.m.j.i.AbstractJavaProjectConfigurator - Adding resource folder /algafood-api/src/main/resources
2025-09-22 14:40:29,046 [Worker-1: Import Getting Started Content] INFO  o.e.m.j.i.AbstractJavaProjectConfigurator - Adding resource folder /algafood-api/src/main/resources
2025-09-22 14:40:29,055 [Worker-1: Import Getting Started Content] INFO  o.e.m.j.i.AbstractJavaProjectConfigurator - Adding source folder /algafood-api/src/test/java
2025-09-22 14:40:29,058 [Worker-1: Import Getting Started Content] INFO  o.e.m.j.i.AbstractJavaProjectConfigurator - Adding resource folder /algafood-api/src/test/resources
2025-09-22 14:40:30,070 [Worker-1: Import Getting Started Content] WARN  o.apache.maven.project.MavenProject - Direct modification of compileSourceRoots through clear() is deprecated and will not work in Maven 4.0.0. Please use the add/remove methods instead. If you're using a plugin that causes this warning, please upgrade to the latest version and report an issue if the warning persists. To disable these warnings, set -Dmaven.project.sourceRoots.warningsDisabled=true on the command line, in the .mvn/maven.config file, or in project POM properties.
2025-09-22 14:40:30,074 [Worker-1: Import Getting Started Content] WARN  o.apache.maven.project.MavenProject - Direct modification of compileSourceRoots through add() is deprecated and will not work in Maven 4.0.0. Please use the add/remove methods instead. If you're using a plugin that causes this warning, please upgrade to the latest version and report an issue if the warning persists. To disable these warnings, set -Dmaven.project.sourceRoots.warningsDisabled=true on the command line, in the .mvn/maven.config file, or in project POM properties.
2025-09-22 14:40:30,074 [Worker-1: Import Getting Started Content] WARN  o.apache.maven.project.MavenProject - Direct modification of testCompileSourceRoots through clear() is deprecated and will not work in Maven 4.0.0. Please use the add/remove methods instead. If you're using a plugin that causes this warning, please upgrade to the latest version and report an issue if the warning persists. To disable these warnings, set -Dmaven.project.sourceRoots.warningsDisabled=true on the command line, in the .mvn/maven.config file, or in project POM properties.
2025-09-22 14:40:30,074 [Worker-1: Import Getting Started Content] WARN  o.apache.maven.project.MavenProject - Direct modification of testCompileSourceRoots through add() is deprecated and will not work in Maven 4.0.0. Please use the add/remove methods instead. If you're using a plugin that causes this warning, please upgrade to the latest version and report an issue if the warning persists. To disable these warnings, set -Dmaven.project.sourceRoots.warningsDisabled=true on the command line, in the .mvn/maven.config file, or in project POM properties.
2025-09-22 14:40:30,090 [Worker-1: Import Getting Started Content] INFO  o.e.m.c.i.p.ProjectConfigurationManager - Imported and configured 1 project(s) in 6 sec
2025-09-22 14:40:30,093 [Worker-1: Import Getting Started Content] INFO  o.e.m.c.i.p.ProjectConfigurationManager - Update started
2025-09-22 14:40:30,406 [Worker-1: Import Getting Started Content] INFO  o.e.m.c.i.l.LifecycleMappingFactory - Using org.eclipse.m2e.jdt.JarLifecycleMapping lifecycle mapping for MavenProject: com.algaworks:algafood-api:0.0.1-SNAPSHOT @ C:\JavaSpring\SpringBoot\algafood-api\pom.xml.
2025-09-22 14:40:30,743 [Worker-1: Import Getting Started Content] INFO  o.e.m.j.i.AbstractJavaProjectConfigurator - Adding source folder /algafood-api/src/main/java
2025-09-22 14:40:30,744 [Worker-1: Import Getting Started Content] INFO  o.e.m.j.i.AbstractJavaProjectConfigurator - Adding resource folder /algafood-api/src/main/resources
2025-09-22 14:40:30,744 [Worker-1: Import Getting Started Content] INFO  o.e.m.j.i.AbstractJavaProjectConfigurator - Adding resource folder /algafood-api/src/main/resources
2025-09-22 14:40:30,745 [Worker-1: Import Getting Started Content] INFO  o.e.m.j.i.AbstractJavaProjectConfigurator - Adding source folder /algafood-api/src/test/java
2025-09-22 14:40:30,745 [Worker-1: Import Getting Started Content] INFO  o.e.m.j.i.AbstractJavaProjectConfigurator - Adding resource folder /algafood-api/src/test/resources
2025-09-22 14:40:30,875 [Worker-1: Import Getting Started Content] WARN  o.apache.maven.project.MavenProject - Direct modification of compileSourceRoots through clear() is deprecated and will not work in Maven 4.0.0. Please use the add/remove methods instead. If you're using a plugin that causes this warning, please upgrade to the latest version and report an issue if the warning persists. To disable these warnings, set -Dmaven.project.sourceRoots.warningsDisabled=true on the command line, in the .mvn/maven.config file, or in project POM properties.
2025-09-22 14:40:30,875 [Worker-1: Import Getting Started Content] WARN  o.apache.maven.project.MavenProject - Direct modification of compileSourceRoots through add() is deprecated and will not work in Maven 4.0.0. Please use the add/remove methods instead. If you're using a plugin that causes this warning, please upgrade to the latest version and report an issue if the warning persists. To disable these warnings, set -Dmaven.project.sourceRoots.warningsDisabled=true on the command line, in the .mvn/maven.config file, or in project POM properties.
2025-09-22 14:40:30,877 [Worker-1: Import Getting Started Content] WARN  o.apache.maven.project.MavenProject - Direct modification of testCompileSourceRoots through clear() is deprecated and will not work in Maven 4.0.0. Please use the add/remove methods instead. If you're using a plugin that causes this warning, please upgrade to the latest version and report an issue if the warning persists. To disable these warnings, set -Dmaven.project.sourceRoots.warningsDisabled=true on the command line, in the .mvn/maven.config file, or in project POM properties.
2025-09-22 14:40:30,877 [Worker-1: Import Getting Started Content] WARN  o.apache.maven.project.MavenProject - Direct modification of testCompileSourceRoots through add() is deprecated and will not work in Maven 4.0.0. Please use the add/remove methods instead. If you're using a plugin that causes this warning, please upgrade to the latest version and report an issue if the warning persists. To disable these warnings, set -Dmaven.project.sourceRoots.warningsDisabled=true on the command line, in the .mvn/maven.config file, or in project POM properties.
2025-09-22 14:40:31,062 [Worker-1: Import Getting Started Content] INFO  o.e.m.c.i.p.ProjectConfigurationManager - Update completed for 1 poms: local refresh takes 0,00 sec, refresh facades takes 0,00 sec, update config takes 0,00 sec 
2025-09-22 14:40:31,927 [Worker-14: Building] INFO  o.a.m.s.f.DefaultMavenResourcesFiltering - Copying 1 resource from src\main\resources to target\classes
2025-09-22 14:40:31,946 [Worker-14: Building] INFO  o.a.m.s.f.DefaultMavenResourcesFiltering - Copying 0 resource from src\main\resources to target\classes
2025-09-22 14:40:31,954 [Worker-14: Building] INFO  o.a.m.s.f.DefaultMavenResourcesFiltering - skip non existing resourceDirectory C:\JavaSpring\SpringBoot\algafood-api\src\test\resources
2025-09-22 14:40:32,775 [Worker-14: Building] WARN  o.apache.maven.project.MavenProject - Direct modification of compileSourceRoots through clear() is deprecated and will not work in Maven 4.0.0. Please use the add/remove methods instead. If you're using a plugin that causes this warning, please upgrade to the latest version and report an issue if the warning persists. To disable these warnings, set -Dmaven.project.sourceRoots.warningsDisabled=true on the command line, in the .mvn/maven.config file, or in project POM properties.
2025-09-22 14:40:32,776 [Worker-14: Building] WARN  o.apache.maven.project.MavenProject - Direct modification of compileSourceRoots through add() is deprecated and will not work in Maven 4.0.0. Please use the add/remove methods instead. If you're using a plugin that causes this warning, please upgrade to the latest version and report an issue if the warning persists. To disable these warnings, set -Dmaven.project.sourceRoots.warningsDisabled=true on the command line, in the .mvn/maven.config file, or in project POM properties.
2025-09-22 14:40:32,777 [Worker-14: Building] WARN  o.apache.maven.project.MavenProject - Direct modification of testCompileSourceRoots through clear() is deprecated and will not work in Maven 4.0.0. Please use the add/remove methods instead. If you're using a plugin that causes this warning, please upgrade to the latest version and report an issue if the warning persists. To disable these warnings, set -Dmaven.project.sourceRoots.warningsDisabled=true on the command line, in the .mvn/maven.config file, or in project POM properties.
2025-09-22 14:40:32,778 [Worker-14: Building] WARN  o.apache.maven.project.MavenProject - Direct modification of testCompileSourceRoots through add() is deprecated and will not work in Maven 4.0.0. Please use the add/remove methods instead. If you're using a plugin that causes this warning, please upgrade to the latest version and report an issue if the warning persists. To disable these warnings, set -Dmaven.project.sourceRoots.warningsDisabled=true on the command line, in the .mvn/maven.config file, or in project POM properties.
2025-09-22 14:41:32,228 [Worker-15: Building] INFO  o.e.m.c.i.l.LifecycleMappingFactory - Using org.eclipse.m2e.jdt.JarLifecycleMapping lifecycle mapping for MavenProject: com.algaworks:algafood-api:0.0.1-SNAPSHOT @ C:\JavaSpring\SpringBoot\algafood-api\pom.xml.
2025-09-22 14:41:33,547 [Worker-15: Building] INFO  o.e.m.c.i.embedder.EclipseLogger - Using 'UTF-8' encoding to copy filtered resources.
2025-09-22 14:41:33,547 [Worker-15: Building] INFO  o.e.m.c.i.embedder.EclipseLogger - Using 'UTF-8' encoding to copy filtered properties files.
2025-09-22 14:41:33,554 [Worker-15: Building] INFO  o.e.m.c.i.embedder.EclipseLogger - Copying 0 resource
2025-09-22 14:41:33,557 [Worker-15: Building] INFO  o.e.m.c.i.embedder.EclipseLogger - Copying 0 resource
2025-09-22 14:41:33,563 [Worker-15: Building] INFO  o.e.m.c.i.embedder.EclipseLogger - Using 'UTF-8' encoding to copy filtered resources.
2025-09-22 14:41:33,563 [Worker-15: Building] INFO  o.e.m.c.i.embedder.EclipseLogger - Using 'UTF-8' encoding to copy filtered properties files.
2025-09-22 14:41:33,564 [Worker-15: Building] INFO  o.e.m.c.i.embedder.EclipseLogger - skip non existing resourceDirectory C:\JavaSpring\SpringBoot\algafood-api\src\test\resources
2025-09-22 14:41:34,525 [Worker-15: Building] WARN  o.apache.maven.project.MavenProject - Direct modification of compileSourceRoots through clear() is deprecated and will not work in Maven 4.0.0. Please use the add/remove methods instead. If you're using a plugin that causes this warning, please upgrade to the latest version and report an issue if the warning persists. To disable these warnings, set -Dmaven.project.sourceRoots.warningsDisabled=true on the command line, in the .mvn/maven.config file, or in project POM properties.
2025-09-22 14:41:34,526 [Worker-15: Building] WARN  o.apache.maven.project.MavenProject - Direct modification of compileSourceRoots through add() is deprecated and will not work in Maven 4.0.0. Please use the add/remove methods instead. If you're using a plugin that causes this warning, please upgrade to the latest version and report an issue if the warning persists. To disable these warnings, set -Dmaven.project.sourceRoots.warningsDisabled=true on the command line, in the .mvn/maven.config file, or in project POM properties.
2025-09-22 14:41:34,528 [Worker-15: Building] WARN  o.apache.maven.project.MavenProject - Direct modification of testCompileSourceRoots through clear() is deprecated and will not work in Maven 4.0.0. Please use the add/remove methods instead. If you're using a plugin that causes this warning, please upgrade to the latest version and report an issue if the warning persists. To disable these warnings, set -Dmaven.project.sourceRoots.warningsDisabled=true on the command line, in the .mvn/maven.config file, or in project POM properties.
2025-09-22 14:41:34,529 [Worker-15: Building] WARN  o.apache.maven.project.MavenProject - Direct modification of testCompileSourceRoots through add() is deprecated and will not work in Maven 4.0.0. Please use the add/remove methods instead. If you're using a plugin that causes this warning, please upgrade to the latest version and report an issue if the warning persists. To disable these warnings, set -Dmaven.project.sourceRoots.warningsDisabled=true on the command line, in the .mvn/maven.config file, or in project POM properties.
2025-09-22 14:41:34,588 [Worker-13: Updating Maven Project] INFO  o.e.m.c.i.p.ProjectConfigurationManager - Update started
2025-09-22 14:41:35,155 [Worker-13: Updating Maven Project] INFO  o.e.m.c.i.l.LifecycleMappingFactory - Using org.eclipse.m2e.jdt.JarLifecycleMapping lifecycle mapping for MavenProject: com.algaworks:algafood-api:0.0.1-SNAPSHOT @ C:\JavaSpring\SpringBoot\algafood-api\pom.xml.
2025-09-22 14:41:36,111 [Worker-13: Updating Maven Project] INFO  o.e.m.j.i.AbstractJavaProjectConfigurator - Adding source folder /algafood-api/src/main/java
2025-09-22 14:41:36,112 [Worker-13: Updating Maven Project] INFO  o.e.m.j.i.AbstractJavaProjectConfigurator - Adding resource folder /algafood-api/src/main/resources
2025-09-22 14:41:36,113 [Worker-13: Updating Maven Project] INFO  o.e.m.j.i.AbstractJavaProjectConfigurator - Adding resource folder /algafood-api/src/main/resources
2025-09-22 14:41:36,113 [Worker-13: Updating Maven Project] INFO  o.e.m.j.i.AbstractJavaProjectConfigurator - Adding source folder /algafood-api/src/test/java
2025-09-22 14:41:36,115 [Worker-13: Updating Maven Project] INFO  o.e.m.j.i.AbstractJavaProjectConfigurator - Adding resource folder /algafood-api/src/test/resources
2025-09-22 14:41:36,366 [Worker-13: Updating Maven Project] WARN  o.apache.maven.project.MavenProject - Direct modification of compileSourceRoots through clear() is deprecated and will not work in Maven 4.0.0. Please use the add/remove methods instead. If you're using a plugin that causes this warning, please upgrade to the latest version and report an issue if the warning persists. To disable these warnings, set -Dmaven.project.sourceRoots.warningsDisabled=true on the command line, in the .mvn/maven.config file, or in project POM properties.
2025-09-22 14:41:36,368 [Worker-13: Updating Maven Project] WARN  o.apache.maven.project.MavenProject - Direct modification of compileSourceRoots through add() is deprecated and will not work in Maven 4.0.0. Please use the add/remove methods instead. If you're using a plugin that causes this warning, please upgrade to the latest version and report an issue if the warning persists. To disable these warnings, set -Dmaven.project.sourceRoots.warningsDisabled=true on the command line, in the .mvn/maven.config file, or in project POM properties.
2025-09-22 14:41:36,369 [Worker-13: Updating Maven Project] WARN  o.apache.maven.project.MavenProject - Direct modification of testCompileSourceRoots through clear() is deprecated and will not work in Maven 4.0.0. Please use the add/remove methods instead. If you're using a plugin that causes this warning, please upgrade to the latest version and report an issue if the warning persists. To disable these warnings, set -Dmaven.project.sourceRoots.warningsDisabled=true on the command line, in the .mvn/maven.config file, or in project POM properties.
2025-09-22 14:41:36,371 [Worker-13: Updating Maven Project] WARN  o.apache.maven.project.MavenProject - Direct modification of testCompileSourceRoots through add() is deprecated and will not work in Maven 4.0.0. Please use the add/remove methods instead. If you're using a plugin that causes this warning, please upgrade to the latest version and report an issue if the warning persists. To disable these warnings, set -Dmaven.project.sourceRoots.warningsDisabled=true on the command line, in the .mvn/maven.config file, or in project POM properties.
2025-09-22 14:41:36,450 [Worker-13: Updating Maven Project] INFO  o.e.m.c.i.p.ProjectConfigurationManager - Update completed for 1 poms: local refresh takes 0,00 sec, refresh facades takes 1,00 sec, update config takes 0,00 sec 
2025-09-22 14:41:37,217 [Worker-4: Building] INFO  o.e.m.c.i.embedder.EclipseLogger - Using 'UTF-8' encoding to copy filtered resources.
2025-09-22 14:41:37,217 [Worker-4: Building] INFO  o.e.m.c.i.embedder.EclipseLogger - Using 'UTF-8' encoding to copy filtered properties files.
2025-09-22 14:41:37,218 [Worker-4: Building] INFO  o.e.m.c.i.embedder.EclipseLogger - Copying 1 resource
2025-09-22 14:41:37,239 [Worker-4: Building] INFO  o.e.m.c.i.embedder.EclipseLogger - Copying 0 resource
2025-09-22 14:41:37,245 [Worker-4: Building] INFO  o.e.m.c.i.embedder.EclipseLogger - Using 'UTF-8' encoding to copy filtered resources.
2025-09-22 14:41:37,246 [Worker-4: Building] INFO  o.e.m.c.i.embedder.EclipseLogger - Using 'UTF-8' encoding to copy filtered properties files.
2025-09-22 14:41:37,246 [Worker-4: Building] INFO  o.e.m.c.i.embedder.EclipseLogger - skip non existing resourceDirectory C:\JavaSpring\SpringBoot\algafood-api\src\test\resources
2025-09-22 14:41:37,270 [Worker-4: Building] WARN  o.apache.maven.project.MavenProject - Direct modification of compileSourceRoots through clear() is deprecated and will not work in Maven 4.0.0. Please use the add/remove methods instead. If you're using a plugin that causes this warning, please upgrade to the latest version and report an issue if the warning persists. To disable these warnings, set -Dmaven.project.sourceRoots.warningsDisabled=true on the command line, in the .mvn/maven.config file, or in project POM properties.
2025-09-22 14:41:37,272 [Worker-4: Building] WARN  o.apache.maven.project.MavenProject - Direct modification of compileSourceRoots through add() is deprecated and will not work in Maven 4.0.0. Please use the add/remove methods instead. If you're using a plugin that causes this warning, please upgrade to the latest version and report an issue if the warning persists. To disable these warnings, set -Dmaven.project.sourceRoots.warningsDisabled=true on the command line, in the .mvn/maven.config file, or in project POM properties.
2025-09-22 14:41:37,272 [Worker-4: Building] WARN  o.apache.maven.project.MavenProject - Direct modification of testCompileSourceRoots through clear() is deprecated and will not work in Maven 4.0.0. Please use the add/remove methods instead. If you're using a plugin that causes this warning, please upgrade to the latest version and report an issue if the warning persists. To disable these warnings, set -Dmaven.project.sourceRoots.warningsDisabled=true on the command line, in the .mvn/maven.config file, or in project POM properties.
2025-09-22 14:41:37,274 [Worker-4: Building] WARN  o.apache.maven.project.MavenProject - Direct modification of testCompileSourceRoots through add() is deprecated and will not work in Maven 4.0.0. Please use the add/remove methods instead. If you're using a plugin that causes this warning, please upgrade to the latest version and report an issue if the warning persists. To disable these warnings, set -Dmaven.project.sourceRoots.warningsDisabled=true on the command line, in the .mvn/maven.config file, or in project POM properties.
2025-09-22 14:47:15,360 [main] INFO  o.e.m2e.actions.ExecutePomAction - Creating new launch configuration
2025-09-22 14:47:29,406 [Worker-4: Launching algafood-api] INFO  o.eclipse.m2e.core.internal.Bundles - getClasspathEntries(Bundle=org.eclipse.m2e.maven.runtime_3.9.1100.20250811-2018 [364])
2025-09-22 14:47:29,421 [Worker-4: Launching algafood-api] INFO  o.eclipse.m2e.core.internal.Bundles - 	Entry: C:\Users\Microsys\Desktop\spring-tools-for-eclipse-4.32.0.RELEASE-e4.37.0-win32.win32.x86_64\sts-4.32.0.RELEASE\plugins\org.eclipse.m2e.maven.runtime_3.9.1100.20250811-2018
2025-09-22 14:47:29,422 [Worker-4: Launching algafood-api] INFO  o.eclipse.m2e.core.internal.Bundles - 	Entry: C:\Users\Microsys\Desktop\spring-tools-for-eclipse-4.32.0.RELEASE-e4.37.0-win32.win32.x86_64\sts-4.32.0.RELEASE\plugins\org.eclipse.m2e.maven.runtime_3.9.1100.20250811-2018\jars\aopalliance-1.0.jar
2025-09-22 14:47:29,423 [Worker-4: Launching algafood-api] INFO  o.eclipse.m2e.core.internal.Bundles - 	Entry: C:\Users\Microsys\Desktop\spring-tools-for-eclipse-4.32.0.RELEASE-e4.37.0-win32.win32.x86_64\sts-4.32.0.RELEASE\plugins\org.eclipse.m2e.maven.runtime_3.9.1100.20250811-2018\jars\asm-9.8.jar
2025-09-22 14:47:29,423 [Worker-4: Launching algafood-api] INFO  o.eclipse.m2e.core.internal.Bundles - 	Entry: C:\Users\Microsys\Desktop\spring-tools-for-eclipse-4.32.0.RELEASE-e4.37.0-win32.win32.x86_64\sts-4.32.0.RELEASE\plugins\org.eclipse.m2e.maven.runtime_3.9.1100.20250811-2018\jars\error_prone_annotations-2.38.0.jar
2025-09-22 14:47:29,424 [Worker-4: Launching algafood-api] INFO  o.eclipse.m2e.core.internal.Bundles - 	Entry: C:\Users\Microsys\Desktop\spring-tools-for-eclipse-4.32.0.RELEASE-e4.37.0-win32.win32.x86_64\sts-4.32.0.RELEASE\plugins\org.eclipse.m2e.maven.runtime_3.9.1100.20250811-2018\jars\gson-2.13.1.jar
2025-09-22 14:47:29,424 [Worker-4: Launching algafood-api] INFO  o.eclipse.m2e.core.internal.Bundles - 	Entry: C:\Users\Microsys\Desktop\spring-tools-for-eclipse-4.32.0.RELEASE-e4.37.0-win32.win32.x86_64\sts-4.32.0.RELEASE\plugins\org.eclipse.m2e.maven.runtime_3.9.1100.20250811-2018\jars\guice-5.1.0-classes.jar
2025-09-22 14:47:29,424 [Worker-4: Launching algafood-api] INFO  o.eclipse.m2e.core.internal.Bundles - 	Entry: C:\Users\Microsys\Desktop\spring-tools-for-eclipse-4.32.0.RELEASE-e4.37.0-win32.win32.x86_64\sts-4.32.0.RELEASE\plugins\org.eclipse.m2e.maven.runtime_3.9.1100.20250811-2018\jars\httpclient-4.5.14.jar
2025-09-22 14:47:29,425 [Worker-4: Launching algafood-api] INFO  o.eclipse.m2e.core.internal.Bundles - 	Entry: C:\Users\Microsys\Desktop\spring-tools-for-eclipse-4.32.0.RELEASE-e4.37.0-win32.win32.x86_64\sts-4.32.0.RELEASE\plugins\org.eclipse.m2e.maven.runtime_3.9.1100.20250811-2018\jars\httpcore-4.4.16.jar
2025-09-22 14:47:29,425 [Worker-4: Launching algafood-api] INFO  o.eclipse.m2e.core.internal.Bundles - 	Entry: C:\Users\Microsys\Desktop\spring-tools-for-eclipse-4.32.0.RELEASE-e4.37.0-win32.win32.x86_64\sts-4.32.0.RELEASE\plugins\org.eclipse.m2e.maven.runtime_3.9.1100.20250811-2018\jars\jansi-2.4.2.jar
2025-09-22 14:47:29,425 [Worker-4: Launching algafood-api] INFO  o.eclipse.m2e.core.internal.Bundles - 	Entry: C:\Users\Microsys\Desktop\spring-tools-for-eclipse-4.32.0.RELEASE-e4.37.0-win32.win32.x86_64\sts-4.32.0.RELEASE\plugins\org.eclipse.m2e.maven.runtime_3.9.1100.20250811-2018\jars\jcl-over-slf4j-1.7.36.jar
2025-09-22 14:47:29,425 [Worker-4: Launching algafood-api] INFO  o.eclipse.m2e.core.internal.Bundles - 	Entry: C:\Users\Microsys\Desktop\spring-tools-for-eclipse-4.32.0.RELEASE-e4.37.0-win32.win32.x86_64\sts-4.32.0.RELEASE\plugins\org.eclipse.m2e.maven.runtime_3.9.1100.20250811-2018\jars\maven-artifact-3.9.11.jar
2025-09-22 14:47:29,425 [Worker-4: Launching algafood-api] INFO  o.eclipse.m2e.core.internal.Bundles - 	Entry: C:\Users\Microsys\Desktop\spring-tools-for-eclipse-4.32.0.RELEASE-e4.37.0-win32.win32.x86_64\sts-4.32.0.RELEASE\plugins\org.eclipse.m2e.maven.runtime_3.9.1100.20250811-2018\jars\maven-builder-support-3.9.11.jar
2025-09-22 14:47:29,426 [Worker-4: Launching algafood-api] INFO  o.eclipse.m2e.core.internal.Bundles - 	Entry: C:\Users\Microsys\Desktop\spring-tools-for-eclipse-4.32.0.RELEASE-e4.37.0-win32.win32.x86_64\sts-4.32.0.RELEASE\plugins\org.eclipse.m2e.maven.runtime_3.9.1100.20250811-2018\jars\maven-compat-3.9.11.jar
2025-09-22 14:47:29,428 [Worker-4: Launching algafood-api] INFO  o.eclipse.m2e.core.internal.Bundles - 	Entry: C:\Users\Microsys\Desktop\spring-tools-for-eclipse-4.32.0.RELEASE-e4.37.0-win32.win32.x86_64\sts-4.32.0.RELEASE\plugins\org.eclipse.m2e.maven.runtime_3.9.1100.20250811-2018\jars\maven-core-3.9.11.jar
2025-09-22 14:47:29,428 [Worker-4: Launching algafood-api] INFO  o.eclipse.m2e.core.internal.Bundles - 	Entry: C:\Users\Microsys\Desktop\spring-tools-for-eclipse-4.32.0.RELEASE-e4.37.0-win32.win32.x86_64\sts-4.32.0.RELEASE\plugins\org.eclipse.m2e.maven.runtime_3.9.1100.20250811-2018\jars\maven-embedder-3.9.11.jar
2025-09-22 14:47:29,428 [Worker-4: Launching algafood-api] INFO  o.eclipse.m2e.core.internal.Bundles - 	Entry: C:\Users\Microsys\Desktop\spring-tools-for-eclipse-4.32.0.RELEASE-e4.37.0-win32.win32.x86_64\sts-4.32.0.RELEASE\plugins\org.eclipse.m2e.maven.runtime_3.9.1100.20250811-2018\jars\maven-model-3.9.11.jar
2025-09-22 14:47:29,428 [Worker-4: Launching algafood-api] INFO  o.eclipse.m2e.core.internal.Bundles - 	Entry: C:\Users\Microsys\Desktop\spring-tools-for-eclipse-4.32.0.RELEASE-e4.37.0-win32.win32.x86_64\sts-4.32.0.RELEASE\plugins\org.eclipse.m2e.maven.runtime_3.9.1100.20250811-2018\jars\maven-model-builder-3.9.11.jar
2025-09-22 14:47:29,429 [Worker-4: Launching algafood-api] INFO  o.eclipse.m2e.core.internal.Bundles - 	Entry: C:\Users\Microsys\Desktop\spring-tools-for-eclipse-4.32.0.RELEASE-e4.37.0-win32.win32.x86_64\sts-4.32.0.RELEASE\plugins\org.eclipse.m2e.maven.runtime_3.9.1100.20250811-2018\jars\maven-plugin-api-3.9.11.jar
2025-09-22 14:47:29,429 [Worker-4: Launching algafood-api] INFO  o.eclipse.m2e.core.internal.Bundles - 	Entry: C:\Users\Microsys\Desktop\spring-tools-for-eclipse-4.32.0.RELEASE-e4.37.0-win32.win32.x86_64\sts-4.32.0.RELEASE\plugins\org.eclipse.m2e.maven.runtime_3.9.1100.20250811-2018\jars\maven-repository-metadata-3.9.11.jar
2025-09-22 14:47:29,429 [Worker-4: Launching algafood-api] INFO  o.eclipse.m2e.core.internal.Bundles - 	Entry: C:\Users\Microsys\Desktop\spring-tools-for-eclipse-4.32.0.RELEASE-e4.37.0-win32.win32.x86_64\sts-4.32.0.RELEASE\plugins\org.eclipse.m2e.maven.runtime_3.9.1100.20250811-2018\jars\maven-resolver-api-1.9.24.jar
2025-09-22 14:47:29,429 [Worker-4: Launching algafood-api] INFO  o.eclipse.m2e.core.internal.Bundles - 	Entry: C:\Users\Microsys\Desktop\spring-tools-for-eclipse-4.32.0.RELEASE-e4.37.0-win32.win32.x86_64\sts-4.32.0.RELEASE\plugins\org.eclipse.m2e.maven.runtime_3.9.1100.20250811-2018\jars\maven-resolver-connector-basic-1.9.24.jar
2025-09-22 14:47:29,429 [Worker-4: Launching algafood-api] INFO  o.eclipse.m2e.core.internal.Bundles - 	Entry: C:\Users\Microsys\Desktop\spring-tools-for-eclipse-4.32.0.RELEASE-e4.37.0-win32.win32.x86_64\sts-4.32.0.RELEASE\plugins\org.eclipse.m2e.maven.runtime_3.9.1100.20250811-2018\jars\maven-resolver-impl-1.9.24.jar
2025-09-22 14:47:29,429 [Worker-4: Launching algafood-api] INFO  o.eclipse.m2e.core.internal.Bundles - 	Entry: C:\Users\Microsys\Desktop\spring-tools-for-eclipse-4.32.0.RELEASE-e4.37.0-win32.win32.x86_64\sts-4.32.0.RELEASE\plugins\org.eclipse.m2e.maven.runtime_3.9.1100.20250811-2018\jars\maven-resolver-named-locks-1.9.24.jar
2025-09-22 14:47:29,429 [Worker-4: Launching algafood-api] INFO  o.eclipse.m2e.core.internal.Bundles - 	Entry: C:\Users\Microsys\Desktop\spring-tools-for-eclipse-4.32.0.RELEASE-e4.37.0-win32.win32.x86_64\sts-4.32.0.RELEASE\plugins\org.eclipse.m2e.maven.runtime_3.9.1100.20250811-2018\jars\maven-resolver-provider-3.9.11.jar
2025-09-22 14:47:29,429 [Worker-4: Launching algafood-api] INFO  o.eclipse.m2e.core.internal.Bundles - 	Entry: C:\Users\Microsys\Desktop\spring-tools-for-eclipse-4.32.0.RELEASE-e4.37.0-win32.win32.x86_64\sts-4.32.0.RELEASE\plugins\org.eclipse.m2e.maven.runtime_3.9.1100.20250811-2018\jars\maven-resolver-spi-1.9.24.jar
2025-09-22 14:47:29,429 [Worker-4: Launching algafood-api] INFO  o.eclipse.m2e.core.internal.Bundles - 	Entry: C:\Users\Microsys\Desktop\spring-tools-for-eclipse-4.32.0.RELEASE-e4.37.0-win32.win32.x86_64\sts-4.32.0.RELEASE\plugins\org.eclipse.m2e.maven.runtime_3.9.1100.20250811-2018\jars\maven-resolver-transport-file-1.9.24.jar
2025-09-22 14:47:29,430 [Worker-4: Launching algafood-api] INFO  o.eclipse.m2e.core.internal.Bundles - 	Entry: C:\Users\Microsys\Desktop\spring-tools-for-eclipse-4.32.0.RELEASE-e4.37.0-win32.win32.x86_64\sts-4.32.0.RELEASE\plugins\org.eclipse.m2e.maven.runtime_3.9.1100.20250811-2018\jars\maven-resolver-transport-http-1.9.24.jar
2025-09-22 14:47:29,430 [Worker-4: Launching algafood-api] INFO  o.eclipse.m2e.core.internal.Bundles - 	Entry: C:\Users\Microsys\Desktop\spring-tools-for-eclipse-4.32.0.RELEASE-e4.37.0-win32.win32.x86_64\sts-4.32.0.RELEASE\plugins\org.eclipse.m2e.maven.runtime_3.9.1100.20250811-2018\jars\maven-resolver-transport-wagon-1.9.24.jar
2025-09-22 14:47:29,431 [Worker-4: Launching algafood-api] INFO  o.eclipse.m2e.core.internal.Bundles - 	Entry: C:\Users\Microsys\Desktop\spring-tools-for-eclipse-4.32.0.RELEASE-e4.37.0-win32.win32.x86_64\sts-4.32.0.RELEASE\plugins\org.eclipse.m2e.maven.runtime_3.9.1100.20250811-2018\jars\maven-resolver-util-1.9.24.jar
2025-09-22 14:47:29,431 [Worker-4: Launching algafood-api] INFO  o.eclipse.m2e.core.internal.Bundles - 	Entry: C:\Users\Microsys\Desktop\spring-tools-for-eclipse-4.32.0.RELEASE-e4.37.0-win32.win32.x86_64\sts-4.32.0.RELEASE\plugins\org.eclipse.m2e.maven.runtime_3.9.1100.20250811-2018\jars\maven-settings-3.9.11.jar
2025-09-22 14:47:29,431 [Worker-4: Launching algafood-api] INFO  o.eclipse.m2e.core.internal.Bundles - 	Entry: C:\Users\Microsys\Desktop\spring-tools-for-eclipse-4.32.0.RELEASE-e4.37.0-win32.win32.x86_64\sts-4.32.0.RELEASE\plugins\org.eclipse.m2e.maven.runtime_3.9.1100.20250811-2018\jars\maven-settings-builder-3.9.11.jar
2025-09-22 14:47:29,431 [Worker-4: Launching algafood-api] INFO  o.eclipse.m2e.core.internal.Bundles - 	Entry: C:\Users\Microsys\Desktop\spring-tools-for-eclipse-4.32.0.RELEASE-e4.37.0-win32.win32.x86_64\sts-4.32.0.RELEASE\plugins\org.eclipse.m2e.maven.runtime_3.9.1100.20250811-2018\jars\maven-shared-utils-3.4.2.jar
2025-09-22 14:47:29,431 [Worker-4: Launching algafood-api] INFO  o.eclipse.m2e.core.internal.Bundles - 	Entry: C:\Users\Microsys\Desktop\spring-tools-for-eclipse-4.32.0.RELEASE-e4.37.0-win32.win32.x86_64\sts-4.32.0.RELEASE\plugins\org.eclipse.m2e.maven.runtime_3.9.1100.20250811-2018\jars\org.eclipse.sisu.inject-0.9.0.M4.jar
2025-09-22 14:47:29,431 [Worker-4: Launching algafood-api] INFO  o.eclipse.m2e.core.internal.Bundles - 	Entry: C:\Users\Microsys\Desktop\spring-tools-for-eclipse-4.32.0.RELEASE-e4.37.0-win32.win32.x86_64\sts-4.32.0.RELEASE\plugins\org.eclipse.m2e.maven.runtime_3.9.1100.20250811-2018\jars\org.eclipse.sisu.plexus-0.9.0.M4.jar
2025-09-22 14:47:29,431 [Worker-4: Launching algafood-api] INFO  o.eclipse.m2e.core.internal.Bundles - 	Entry: C:\Users\Microsys\Desktop\spring-tools-for-eclipse-4.32.0.RELEASE-e4.37.0-win32.win32.x86_64\sts-4.32.0.RELEASE\plugins\org.eclipse.m2e.maven.runtime_3.9.1100.20250811-2018\jars\plexus-build-api-0.0.7.jar
2025-09-22 14:47:29,432 [Worker-4: Launching algafood-api] INFO  o.eclipse.m2e.core.internal.Bundles - 	Entry: C:\Users\Microsys\Desktop\spring-tools-for-eclipse-4.32.0.RELEASE-e4.37.0-win32.win32.x86_64\sts-4.32.0.RELEASE\plugins\org.eclipse.m2e.maven.runtime_3.9.1100.20250811-2018\jars\plexus-build-api-1.2.0.jar
2025-09-22 14:47:29,432 [Worker-4: Launching algafood-api] INFO  o.eclipse.m2e.core.internal.Bundles - 	Entry: C:\Users\Microsys\Desktop\spring-tools-for-eclipse-4.32.0.RELEASE-e4.37.0-win32.win32.x86_64\sts-4.32.0.RELEASE\plugins\org.eclipse.m2e.maven.runtime_3.9.1100.20250811-2018\jars\plexus-cipher-2.0.jar
2025-09-22 14:47:29,432 [Worker-4: Launching algafood-api] INFO  o.eclipse.m2e.core.internal.Bundles - 	Entry: C:\Users\Microsys\Desktop\spring-tools-for-eclipse-4.32.0.RELEASE-e4.37.0-win32.win32.x86_64\sts-4.32.0.RELEASE\plugins\org.eclipse.m2e.maven.runtime_3.9.1100.20250811-2018\jars\plexus-classworlds-2.9.0.jar
2025-09-22 14:47:29,432 [Worker-4: Launching algafood-api] INFO  o.eclipse.m2e.core.internal.Bundles - 	Entry: C:\Users\Microsys\Desktop\spring-tools-for-eclipse-4.32.0.RELEASE-e4.37.0-win32.win32.x86_64\sts-4.32.0.RELEASE\plugins\org.eclipse.m2e.maven.runtime_3.9.1100.20250811-2018\jars\plexus-component-annotations-2.2.0.jar
2025-09-22 14:47:29,433 [Worker-4: Launching algafood-api] INFO  o.eclipse.m2e.core.internal.Bundles - 	Entry: C:\Users\Microsys\Desktop\spring-tools-for-eclipse-4.32.0.RELEASE-e4.37.0-win32.win32.x86_64\sts-4.32.0.RELEASE\plugins\org.eclipse.m2e.maven.runtime_3.9.1100.20250811-2018\jars\plexus-interpolation-1.28.jar
2025-09-22 14:47:29,433 [Worker-4: Launching algafood-api] INFO  o.eclipse.m2e.core.internal.Bundles - 	Entry: C:\Users\Microsys\Desktop\spring-tools-for-eclipse-4.32.0.RELEASE-e4.37.0-win32.win32.x86_64\sts-4.32.0.RELEASE\plugins\org.eclipse.m2e.maven.runtime_3.9.1100.20250811-2018\jars\plexus-sec-dispatcher-2.0.jar
2025-09-22 14:47:29,433 [Worker-4: Launching algafood-api] INFO  o.eclipse.m2e.core.internal.Bundles - 	Entry: C:\Users\Microsys\Desktop\spring-tools-for-eclipse-4.32.0.RELEASE-e4.37.0-win32.win32.x86_64\sts-4.32.0.RELEASE\plugins\org.eclipse.m2e.maven.runtime_3.9.1100.20250811-2018\jars\plexus-utils-3.6.0.jar
2025-09-22 14:47:29,433 [Worker-4: Launching algafood-api] INFO  o.eclipse.m2e.core.internal.Bundles - 	Entry: C:\Users\Microsys\Desktop\spring-tools-for-eclipse-4.32.0.RELEASE-e4.37.0-win32.win32.x86_64\sts-4.32.0.RELEASE\plugins\org.eclipse.m2e.maven.runtime_3.9.1100.20250811-2018\jars\wagon-file-3.5.3.jar
2025-09-22 14:47:29,434 [Worker-4: Launching algafood-api] INFO  o.eclipse.m2e.core.internal.Bundles - 	Entry: C:\Users\Microsys\Desktop\spring-tools-for-eclipse-4.32.0.RELEASE-e4.37.0-win32.win32.x86_64\sts-4.32.0.RELEASE\plugins\org.eclipse.m2e.maven.runtime_3.9.1100.20250811-2018\jars\wagon-http-3.5.3.jar
2025-09-22 14:47:29,434 [Worker-4: Launching algafood-api] INFO  o.eclipse.m2e.core.internal.Bundles - 	Entry: C:\Users\Microsys\Desktop\spring-tools-for-eclipse-4.32.0.RELEASE-e4.37.0-win32.win32.x86_64\sts-4.32.0.RELEASE\plugins\org.eclipse.m2e.maven.runtime_3.9.1100.20250811-2018\jars\wagon-http-shared-3.5.3.jar
2025-09-22 14:47:29,436 [Worker-4: Launching algafood-api] INFO  o.eclipse.m2e.core.internal.Bundles - 	Entry: C:\Users\Microsys\Desktop\spring-tools-for-eclipse-4.32.0.RELEASE-e4.37.0-win32.win32.x86_64\sts-4.32.0.RELEASE\plugins\org.eclipse.m2e.maven.runtime_3.9.1100.20250811-2018\jars\wagon-provider-api-3.5.3.jar
2025-09-22 14:47:29,454 [Worker-4: Launching algafood-api] INFO  o.eclipse.m2e.core.internal.Bundles - getClasspathEntries(Bundle=com.google.guava_33.4.8.jre [31])
2025-09-22 14:47:29,458 [Worker-4: Launching algafood-api] INFO  o.eclipse.m2e.core.internal.Bundles - 	Entry: C:\Users\Microsys\Desktop\spring-tools-for-eclipse-4.32.0.RELEASE-e4.37.0-win32.win32.x86_64\sts-4.32.0.RELEASE\plugins\com.google.guava_33.4.8.jre.jar
2025-09-22 14:47:29,458 [Worker-4: Launching algafood-api] INFO  o.eclipse.m2e.core.internal.Bundles - getClasspathEntries(Bundle=slf4j.api_2.0.17 [612])
2025-09-22 14:47:29,463 [Worker-4: Launching algafood-api] INFO  o.eclipse.m2e.core.internal.Bundles - 	Entry: C:\Users\Microsys\Desktop\spring-tools-for-eclipse-4.32.0.RELEASE-e4.37.0-win32.win32.x86_64\sts-4.32.0.RELEASE\plugins\slf4j.api_2.0.17.jar
2025-09-22 14:47:29,463 [Worker-4: Launching algafood-api] INFO  o.eclipse.m2e.core.internal.Bundles - getClasspathEntries(Bundle=jakarta.inject.jakarta.inject-api_1.0.5 [46])
2025-09-22 14:47:29,466 [Worker-4: Launching algafood-api] INFO  o.eclipse.m2e.core.internal.Bundles - 	Entry: C:\Users\Microsys\Desktop\spring-tools-for-eclipse-4.32.0.RELEASE-e4.37.0-win32.win32.x86_64\sts-4.32.0.RELEASE\plugins\jakarta.inject.jakarta.inject-api_1.0.5.jar
2025-09-22 14:47:29,468 [Worker-4: Launching algafood-api] INFO  o.eclipse.m2e.core.internal.Bundles - getClasspathEntries(Bundle=jakarta.annotation-api_1.3.5 [43])
2025-09-22 14:47:29,469 [Worker-4: Launching algafood-api] INFO  o.eclipse.m2e.core.internal.Bundles - 	Entry: C:\Users\Microsys\Desktop\spring-tools-for-eclipse-4.32.0.RELEASE-e4.37.0-win32.win32.x86_64\sts-4.32.0.RELEASE\plugins\jakarta.annotation-api_1.3.5.jar
2025-09-22 14:47:29,470 [Worker-4: Launching algafood-api] INFO  o.eclipse.m2e.core.internal.Bundles - getClasspathEntries(Bundle=org.apache.commons.cli_1.10.0 [78])
2025-09-22 14:47:29,477 [Worker-4: Launching algafood-api] INFO  o.eclipse.m2e.core.internal.Bundles - 	Entry: C:\Users\Microsys\Desktop\spring-tools-for-eclipse-4.32.0.RELEASE-e4.37.0-win32.win32.x86_64\sts-4.32.0.RELEASE\plugins\org.apache.commons.cli_1.10.0.jar
2025-09-22 14:47:29,477 [Worker-4: Launching algafood-api] INFO  o.eclipse.m2e.core.internal.Bundles - getClasspathEntries(Bundle=org.apache.commons.commons-codec_1.19.0 [80])
2025-09-22 14:47:29,479 [Worker-4: Launching algafood-api] INFO  o.eclipse.m2e.core.internal.Bundles - 	Entry: C:\Users\Microsys\Desktop\spring-tools-for-eclipse-4.32.0.RELEASE-e4.37.0-win32.win32.x86_64\sts-4.32.0.RELEASE\plugins\org.apache.commons.commons-codec_1.19.0.jar
2025-09-22 14:47:29,480 [Worker-4: Launching algafood-api] INFO  o.eclipse.m2e.core.internal.Bundles - getClasspathEntries(Bundle=com.google.guava.failureaccess_1.0.3 [32])
2025-09-22 14:47:29,480 [Worker-4: Launching algafood-api] INFO  o.eclipse.m2e.core.internal.Bundles - 	Entry: C:\Users\Microsys\Desktop\spring-tools-for-eclipse-4.32.0.RELEASE-e4.37.0-win32.win32.x86_64\sts-4.32.0.RELEASE\plugins\com.google.guava.failureaccess_1.0.3.jar
2025-09-22 14:47:29,488 [Worker-4: Launching algafood-api] INFO  o.e.m.i.launch.MavenLaunchDelegate - Run build in "C:\JavaSpring\SpringBoot\algafood-api":
2025-09-22 14:47:29,488 [Worker-4: Launching algafood-api] INFO  o.e.m.i.launch.MavenLaunchDelegate -  mvn  -Ppom.xml -B -Dstyle.color=always package
2025-09-22 14:48:45,834 [Worker-18: Launching Executing clean in C__JavaSpring_SpringBoot_algafood-api] INFO  o.eclipse.m2e.core.internal.Bundles - getClasspathEntries(Bundle=org.eclipse.m2e.maven.runtime_3.9.1100.20250811-2018 [364])
2025-09-22 14:48:45,836 [Worker-18: Launching Executing clean in C__JavaSpring_SpringBoot_algafood-api] INFO  o.eclipse.m2e.core.internal.Bundles - 	Entry: C:\Users\Microsys\Desktop\spring-tools-for-eclipse-4.32.0.RELEASE-e4.37.0-win32.win32.x86_64\sts-4.32.0.RELEASE\plugins\org.eclipse.m2e.maven.runtime_3.9.1100.20250811-2018
2025-09-22 14:48:45,836 [Worker-18: Launching Executing clean in C__JavaSpring_SpringBoot_algafood-api] INFO  o.eclipse.m2e.core.internal.Bundles - 	Entry: C:\Users\Microsys\Desktop\spring-tools-for-eclipse-4.32.0.RELEASE-e4.37.0-win32.win32.x86_64\sts-4.32.0.RELEASE\plugins\org.eclipse.m2e.maven.runtime_3.9.1100.20250811-2018\jars\aopalliance-1.0.jar
2025-09-22 14:48:45,836 [Worker-18: Launching Executing clean in C__JavaSpring_SpringBoot_algafood-api] INFO  o.eclipse.m2e.core.internal.Bundles - 	Entry: C:\Users\Microsys\Desktop\spring-tools-for-eclipse-4.32.0.RELEASE-e4.37.0-win32.win32.x86_64\sts-4.32.0.RELEASE\plugins\org.eclipse.m2e.maven.runtime_3.9.1100.20250811-2018\jars\asm-9.8.jar
2025-09-22 14:48:45,836 [Worker-18: Launching Executing clean in C__JavaSpring_SpringBoot_algafood-api] INFO  o.eclipse.m2e.core.internal.Bundles - 	Entry: C:\Users\Microsys\Desktop\spring-tools-for-eclipse-4.32.0.RELEASE-e4.37.0-win32.win32.x86_64\sts-4.32.0.RELEASE\plugins\org.eclipse.m2e.maven.runtime_3.9.1100.20250811-2018\jars\error_prone_annotations-2.38.0.jar
2025-09-22 14:48:45,836 [Worker-18: Launching Executing clean in C__JavaSpring_SpringBoot_algafood-api] INFO  o.eclipse.m2e.core.internal.Bundles - 	Entry: C:\Users\Microsys\Desktop\spring-tools-for-eclipse-4.32.0.RELEASE-e4.37.0-win32.win32.x86_64\sts-4.32.0.RELEASE\plugins\org.eclipse.m2e.maven.runtime_3.9.1100.20250811-2018\jars\gson-2.13.1.jar
2025-09-22 14:48:45,836 [Worker-18: Launching Executing clean in C__JavaSpring_SpringBoot_algafood-api] INFO  o.eclipse.m2e.core.internal.Bundles - 	Entry: C:\Users\Microsys\Desktop\spring-tools-for-eclipse-4.32.0.RELEASE-e4.37.0-win32.win32.x86_64\sts-4.32.0.RELEASE\plugins\org.eclipse.m2e.maven.runtime_3.9.1100.20250811-2018\jars\guice-5.1.0-classes.jar
2025-09-22 14:48:45,836 [Worker-18: Launching Executing clean in C__JavaSpring_SpringBoot_algafood-api] INFO  o.eclipse.m2e.core.internal.Bundles - 	Entry: C:\Users\Microsys\Desktop\spring-tools-for-eclipse-4.32.0.RELEASE-e4.37.0-win32.win32.x86_64\sts-4.32.0.RELEASE\plugins\org.eclipse.m2e.maven.runtime_3.9.1100.20250811-2018\jars\httpclient-4.5.14.jar
2025-09-22 14:48:45,837 [Worker-18: Launching Executing clean in C__JavaSpring_SpringBoot_algafood-api] INFO  o.eclipse.m2e.core.internal.Bundles - 	Entry: C:\Users\Microsys\Desktop\spring-tools-for-eclipse-4.32.0.RELEASE-e4.37.0-win32.win32.x86_64\sts-4.32.0.RELEASE\plugins\org.eclipse.m2e.maven.runtime_3.9.1100.20250811-2018\jars\httpcore-4.4.16.jar
2025-09-22 14:48:45,837 [Worker-18: Launching Executing clean in C__JavaSpring_SpringBoot_algafood-api] INFO  o.eclipse.m2e.core.internal.Bundles - 	Entry: C:\Users\Microsys\Desktop\spring-tools-for-eclipse-4.32.0.RELEASE-e4.37.0-win32.win32.x86_64\sts-4.32.0.RELEASE\plugins\org.eclipse.m2e.maven.runtime_3.9.1100.20250811-2018\jars\jansi-2.4.2.jar
2025-09-22 14:48:45,837 [Worker-18: Launching Executing clean in C__JavaSpring_SpringBoot_algafood-api] INFO  o.eclipse.m2e.core.internal.Bundles - 	Entry: C:\Users\Microsys\Desktop\spring-tools-for-eclipse-4.32.0.RELEASE-e4.37.0-win32.win32.x86_64\sts-4.32.0.RELEASE\plugins\org.eclipse.m2e.maven.runtime_3.9.1100.20250811-2018\jars\jcl-over-slf4j-1.7.36.jar
2025-09-22 14:48:45,837 [Worker-18: Launching Executing clean in C__JavaSpring_SpringBoot_algafood-api] INFO  o.eclipse.m2e.core.internal.Bundles - 	Entry: C:\Users\Microsys\Desktop\spring-tools-for-eclipse-4.32.0.RELEASE-e4.37.0-win32.win32.x86_64\sts-4.32.0.RELEASE\plugins\org.eclipse.m2e.maven.runtime_3.9.1100.20250811-2018\jars\maven-artifact-3.9.11.jar
2025-09-22 14:48:45,838 [Worker-18: Launching Executing clean in C__JavaSpring_SpringBoot_algafood-api] INFO  o.eclipse.m2e.core.internal.Bundles - 	Entry: C:\Users\Microsys\Desktop\spring-tools-for-eclipse-4.32.0.RELEASE-e4.37.0-win32.win32.x86_64\sts-4.32.0.RELEASE\plugins\org.eclipse.m2e.maven.runtime_3.9.1100.20250811-2018\jars\maven-builder-support-3.9.11.jar
2025-09-22 14:48:45,838 [Worker-18: Launching Executing clean in C__JavaSpring_SpringBoot_algafood-api] INFO  o.eclipse.m2e.core.internal.Bundles - 	Entry: C:\Users\Microsys\Desktop\spring-tools-for-eclipse-4.32.0.RELEASE-e4.37.0-win32.win32.x86_64\sts-4.32.0.RELEASE\plugins\org.eclipse.m2e.maven.runtime_3.9.1100.20250811-2018\jars\maven-compat-3.9.11.jar
2025-09-22 14:48:45,838 [Worker-18: Launching Executing clean in C__JavaSpring_SpringBoot_algafood-api] INFO  o.eclipse.m2e.core.internal.Bundles - 	Entry: C:\Users\Microsys\Desktop\spring-tools-for-eclipse-4.32.0.RELEASE-e4.37.0-win32.win32.x86_64\sts-4.32.0.RELEASE\plugins\org.eclipse.m2e.maven.runtime_3.9.1100.20250811-2018\jars\maven-core-3.9.11.jar
2025-09-22 14:48:45,840 [Worker-18: Launching Executing clean in C__JavaSpring_SpringBoot_algafood-api] INFO  o.eclipse.m2e.core.internal.Bundles - 	Entry: C:\Users\Microsys\Desktop\spring-tools-for-eclipse-4.32.0.RELEASE-e4.37.0-win32.win32.x86_64\sts-4.32.0.RELEASE\plugins\org.eclipse.m2e.maven.runtime_3.9.1100.20250811-2018\jars\maven-embedder-3.9.11.jar
2025-09-22 14:48:45,840 [Worker-18: Launching Executing clean in C__JavaSpring_SpringBoot_algafood-api] INFO  o.eclipse.m2e.core.internal.Bundles - 	Entry: C:\Users\Microsys\Desktop\spring-tools-for-eclipse-4.32.0.RELEASE-e4.37.0-win32.win32.x86_64\sts-4.32.0.RELEASE\plugins\org.eclipse.m2e.maven.runtime_3.9.1100.20250811-2018\jars\maven-model-3.9.11.jar
2025-09-22 14:48:45,840 [Worker-18: Launching Executing clean in C__JavaSpring_SpringBoot_algafood-api] INFO  o.eclipse.m2e.core.internal.Bundles - 	Entry: C:\Users\Microsys\Desktop\spring-tools-for-eclipse-4.32.0.RELEASE-e4.37.0-win32.win32.x86_64\sts-4.32.0.RELEASE\plugins\org.eclipse.m2e.maven.runtime_3.9.1100.20250811-2018\jars\maven-model-builder-3.9.11.jar
2025-09-22 14:48:45,840 [Worker-18: Launching Executing clean in C__JavaSpring_SpringBoot_algafood-api] INFO  o.eclipse.m2e.core.internal.Bundles - 	Entry: C:\Users\Microsys\Desktop\spring-tools-for-eclipse-4.32.0.RELEASE-e4.37.0-win32.win32.x86_64\sts-4.32.0.RELEASE\plugins\org.eclipse.m2e.maven.runtime_3.9.1100.20250811-2018\jars\maven-plugin-api-3.9.11.jar
2025-09-22 14:48:45,840 [Worker-18: Launching Executing clean in C__JavaSpring_SpringBoot_algafood-api] INFO  o.eclipse.m2e.core.internal.Bundles - 	Entry: C:\Users\Microsys\Desktop\spring-tools-for-eclipse-4.32.0.RELEASE-e4.37.0-win32.win32.x86_64\sts-4.32.0.RELEASE\plugins\org.eclipse.m2e.maven.runtime_3.9.1100.20250811-2018\jars\maven-repository-metadata-3.9.11.jar
2025-09-22 14:48:45,840 [Worker-18: Launching Executing clean in C__JavaSpring_SpringBoot_algafood-api] INFO  o.eclipse.m2e.core.internal.Bundles - 	Entry: C:\Users\Microsys\Desktop\spring-tools-for-eclipse-4.32.0.RELEASE-e4.37.0-win32.win32.x86_64\sts-4.32.0.RELEASE\plugins\org.eclipse.m2e.maven.runtime_3.9.1100.20250811-2018\jars\maven-resolver-api-1.9.24.jar
2025-09-22 14:48:45,841 [Worker-18: Launching Executing clean in C__JavaSpring_SpringBoot_algafood-api] INFO  o.eclipse.m2e.core.internal.Bundles - 	Entry: C:\Users\Microsys\Desktop\spring-tools-for-eclipse-4.32.0.RELEASE-e4.37.0-win32.win32.x86_64\sts-4.32.0.RELEASE\plugins\org.eclipse.m2e.maven.runtime_3.9.1100.20250811-2018\jars\maven-resolver-connector-basic-1.9.24.jar
2025-09-22 14:48:45,841 [Worker-18: Launching Executing clean in C__JavaSpring_SpringBoot_algafood-api] INFO  o.eclipse.m2e.core.internal.Bundles - 	Entry: C:\Users\Microsys\Desktop\spring-tools-for-eclipse-4.32.0.RELEASE-e4.37.0-win32.win32.x86_64\sts-4.32.0.RELEASE\plugins\org.eclipse.m2e.maven.runtime_3.9.1100.20250811-2018\jars\maven-resolver-impl-1.9.24.jar
2025-09-22 14:48:45,841 [Worker-18: Launching Executing clean in C__JavaSpring_SpringBoot_algafood-api] INFO  o.eclipse.m2e.core.internal.Bundles - 	Entry: C:\Users\Microsys\Desktop\spring-tools-for-eclipse-4.32.0.RELEASE-e4.37.0-win32.win32.x86_64\sts-4.32.0.RELEASE\plugins\org.eclipse.m2e.maven.runtime_3.9.1100.20250811-2018\jars\maven-resolver-named-locks-1.9.24.jar
2025-09-22 14:48:45,841 [Worker-18: Launching Executing clean in C__JavaSpring_SpringBoot_algafood-api] INFO  o.eclipse.m2e.core.internal.Bundles - 	Entry: C:\Users\Microsys\Desktop\spring-tools-for-eclipse-4.32.0.RELEASE-e4.37.0-win32.win32.x86_64\sts-4.32.0.RELEASE\plugins\org.eclipse.m2e.maven.runtime_3.9.1100.20250811-2018\jars\maven-resolver-provider-3.9.11.jar
2025-09-22 14:48:45,841 [Worker-18: Launching Executing clean in C__JavaSpring_SpringBoot_algafood-api] INFO  o.eclipse.m2e.core.internal.Bundles - 	Entry: C:\Users\Microsys\Desktop\spring-tools-for-eclipse-4.32.0.RELEASE-e4.37.0-win32.win32.x86_64\sts-4.32.0.RELEASE\plugins\org.eclipse.m2e.maven.runtime_3.9.1100.20250811-2018\jars\maven-resolver-spi-1.9.24.jar
2025-09-22 14:48:45,841 [Worker-18: Launching Executing clean in C__JavaSpring_SpringBoot_algafood-api] INFO  o.eclipse.m2e.core.internal.Bundles - 	Entry: C:\Users\Microsys\Desktop\spring-tools-for-eclipse-4.32.0.RELEASE-e4.37.0-win32.win32.x86_64\sts-4.32.0.RELEASE\plugins\org.eclipse.m2e.maven.runtime_3.9.1100.20250811-2018\jars\maven-resolver-transport-file-1.9.24.jar
2025-09-22 14:48:45,841 [Worker-18: Launching Executing clean in C__JavaSpring_SpringBoot_algafood-api] INFO  o.eclipse.m2e.core.internal.Bundles - 	Entry: C:\Users\Microsys\Desktop\spring-tools-for-eclipse-4.32.0.RELEASE-e4.37.0-win32.win32.x86_64\sts-4.32.0.RELEASE\plugins\org.eclipse.m2e.maven.runtime_3.9.1100.20250811-2018\jars\maven-resolver-transport-http-1.9.24.jar
2025-09-22 14:48:45,841 [Worker-18: Launching Executing clean in C__JavaSpring_SpringBoot_algafood-api] INFO  o.eclipse.m2e.core.internal.Bundles - 	Entry: C:\Users\Microsys\Desktop\spring-tools-for-eclipse-4.32.0.RELEASE-e4.37.0-win32.win32.x86_64\sts-4.32.0.RELEASE\plugins\org.eclipse.m2e.maven.runtime_3.9.1100.20250811-2018\jars\maven-resolver-transport-wagon-1.9.24.jar
2025-09-22 14:48:45,842 [Worker-18: Launching Executing clean in C__JavaSpring_SpringBoot_algafood-api] INFO  o.eclipse.m2e.core.internal.Bundles - 	Entry: C:\Users\Microsys\Desktop\spring-tools-for-eclipse-4.32.0.RELEASE-e4.37.0-win32.win32.x86_64\sts-4.32.0.RELEASE\plugins\org.eclipse.m2e.maven.runtime_3.9.1100.20250811-2018\jars\maven-resolver-util-1.9.24.jar
2025-09-22 14:48:45,842 [Worker-18: Launching Executing clean in C__JavaSpring_SpringBoot_algafood-api] INFO  o.eclipse.m2e.core.internal.Bundles - 	Entry: C:\Users\Microsys\Desktop\spring-tools-for-eclipse-4.32.0.RELEASE-e4.37.0-win32.win32.x86_64\sts-4.32.0.RELEASE\plugins\org.eclipse.m2e.maven.runtime_3.9.1100.20250811-2018\jars\maven-settings-3.9.11.jar
2025-09-22 14:48:45,842 [Worker-18: Launching Executing clean in C__JavaSpring_SpringBoot_algafood-api] INFO  o.eclipse.m2e.core.internal.Bundles - 	Entry: C:\Users\Microsys\Desktop\spring-tools-for-eclipse-4.32.0.RELEASE-e4.37.0-win32.win32.x86_64\sts-4.32.0.RELEASE\plugins\org.eclipse.m2e.maven.runtime_3.9.1100.20250811-2018\jars\maven-settings-builder-3.9.11.jar
2025-09-22 14:48:45,842 [Worker-18: Launching Executing clean in C__JavaSpring_SpringBoot_algafood-api] INFO  o.eclipse.m2e.core.internal.Bundles - 	Entry: C:\Users\Microsys\Desktop\spring-tools-for-eclipse-4.32.0.RELEASE-e4.37.0-win32.win32.x86_64\sts-4.32.0.RELEASE\plugins\org.eclipse.m2e.maven.runtime_3.9.1100.20250811-2018\jars\maven-shared-utils-3.4.2.jar
2025-09-22 14:48:45,842 [Worker-18: Launching Executing clean in C__JavaSpring_SpringBoot_algafood-api] INFO  o.eclipse.m2e.core.internal.Bundles - 	Entry: C:\Users\Microsys\Desktop\spring-tools-for-eclipse-4.32.0.RELEASE-e4.37.0-win32.win32.x86_64\sts-4.32.0.RELEASE\plugins\org.eclipse.m2e.maven.runtime_3.9.1100.20250811-2018\jars\org.eclipse.sisu.inject-0.9.0.M4.jar
2025-09-22 14:48:45,843 [Worker-18: Launching Executing clean in C__JavaSpring_SpringBoot_algafood-api] INFO  o.eclipse.m2e.core.internal.Bundles - 	Entry: C:\Users\Microsys\Desktop\spring-tools-for-eclipse-4.32.0.RELEASE-e4.37.0-win32.win32.x86_64\sts-4.32.0.RELEASE\plugins\org.eclipse.m2e.maven.runtime_3.9.1100.20250811-2018\jars\org.eclipse.sisu.plexus-0.9.0.M4.jar
2025-09-22 14:48:45,845 [Worker-18: Launching Executing clean in C__JavaSpring_SpringBoot_algafood-api] INFO  o.eclipse.m2e.core.internal.Bundles - 	Entry: C:\Users\Microsys\Desktop\spring-tools-for-eclipse-4.32.0.RELEASE-e4.37.0-win32.win32.x86_64\sts-4.32.0.RELEASE\plugins\org.eclipse.m2e.maven.runtime_3.9.1100.20250811-2018\jars\plexus-build-api-0.0.7.jar
2025-09-22 14:48:45,845 [Worker-18: Launching Executing clean in C__JavaSpring_SpringBoot_algafood-api] INFO  o.eclipse.m2e.core.internal.Bundles - 	Entry: C:\Users\Microsys\Desktop\spring-tools-for-eclipse-4.32.0.RELEASE-e4.37.0-win32.win32.x86_64\sts-4.32.0.RELEASE\plugins\org.eclipse.m2e.maven.runtime_3.9.1100.20250811-2018\jars\plexus-build-api-1.2.0.jar
2025-09-22 14:48:45,846 [Worker-18: Launching Executing clean in C__JavaSpring_SpringBoot_algafood-api] INFO  o.eclipse.m2e.core.internal.Bundles - 	Entry: C:\Users\Microsys\Desktop\spring-tools-for-eclipse-4.32.0.RELEASE-e4.37.0-win32.win32.x86_64\sts-4.32.0.RELEASE\plugins\org.eclipse.m2e.maven.runtime_3.9.1100.20250811-2018\jars\plexus-cipher-2.0.jar
2025-09-22 14:48:45,846 [Worker-18: Launching Executing clean in C__JavaSpring_SpringBoot_algafood-api] INFO  o.eclipse.m2e.core.internal.Bundles - 	Entry: C:\Users\Microsys\Desktop\spring-tools-for-eclipse-4.32.0.RELEASE-e4.37.0-win32.win32.x86_64\sts-4.32.0.RELEASE\plugins\org.eclipse.m2e.maven.runtime_3.9.1100.20250811-2018\jars\plexus-classworlds-2.9.0.jar
2025-09-22 14:48:45,846 [Worker-18: Launching Executing clean in C__JavaSpring_SpringBoot_algafood-api] INFO  o.eclipse.m2e.core.internal.Bundles - 	Entry: C:\Users\Microsys\Desktop\spring-tools-for-eclipse-4.32.0.RELEASE-e4.37.0-win32.win32.x86_64\sts-4.32.0.RELEASE\plugins\org.eclipse.m2e.maven.runtime_3.9.1100.20250811-2018\jars\plexus-component-annotations-2.2.0.jar
2025-09-22 14:48:45,846 [Worker-18: Launching Executing clean in C__JavaSpring_SpringBoot_algafood-api] INFO  o.eclipse.m2e.core.internal.Bundles - 	Entry: C:\Users\Microsys\Desktop\spring-tools-for-eclipse-4.32.0.RELEASE-e4.37.0-win32.win32.x86_64\sts-4.32.0.RELEASE\plugins\org.eclipse.m2e.maven.runtime_3.9.1100.20250811-2018\jars\plexus-interpolation-1.28.jar
2025-09-22 14:48:45,847 [Worker-18: Launching Executing clean in C__JavaSpring_SpringBoot_algafood-api] INFO  o.eclipse.m2e.core.internal.Bundles - 	Entry: C:\Users\Microsys\Desktop\spring-tools-for-eclipse-4.32.0.RELEASE-e4.37.0-win32.win32.x86_64\sts-4.32.0.RELEASE\plugins\org.eclipse.m2e.maven.runtime_3.9.1100.20250811-2018\jars\plexus-sec-dispatcher-2.0.jar
2025-09-22 14:48:45,847 [Worker-18: Launching Executing clean in C__JavaSpring_SpringBoot_algafood-api] INFO  o.eclipse.m2e.core.internal.Bundles - 	Entry: C:\Users\Microsys\Desktop\spring-tools-for-eclipse-4.32.0.RELEASE-e4.37.0-win32.win32.x86_64\sts-4.32.0.RELEASE\plugins\org.eclipse.m2e.maven.runtime_3.9.1100.20250811-2018\jars\plexus-utils-3.6.0.jar
2025-09-22 14:48:45,847 [Worker-18: Launching Executing clean in C__JavaSpring_SpringBoot_algafood-api] INFO  o.eclipse.m2e.core.internal.Bundles - 	Entry: C:\Users\Microsys\Desktop\spring-tools-for-eclipse-4.32.0.RELEASE-e4.37.0-win32.win32.x86_64\sts-4.32.0.RELEASE\plugins\org.eclipse.m2e.maven.runtime_3.9.1100.20250811-2018\jars\wagon-file-3.5.3.jar
2025-09-22 14:48:45,848 [Worker-18: Launching Executing clean in C__JavaSpring_SpringBoot_algafood-api] INFO  o.eclipse.m2e.core.internal.Bundles - 	Entry: C:\Users\Microsys\Desktop\spring-tools-for-eclipse-4.32.0.RELEASE-e4.37.0-win32.win32.x86_64\sts-4.32.0.RELEASE\plugins\org.eclipse.m2e.maven.runtime_3.9.1100.20250811-2018\jars\wagon-http-3.5.3.jar
2025-09-22 14:48:45,848 [Worker-18: Launching Executing clean in C__JavaSpring_SpringBoot_algafood-api] INFO  o.eclipse.m2e.core.internal.Bundles - 	Entry: C:\Users\Microsys\Desktop\spring-tools-for-eclipse-4.32.0.RELEASE-e4.37.0-win32.win32.x86_64\sts-4.32.0.RELEASE\plugins\org.eclipse.m2e.maven.runtime_3.9.1100.20250811-2018\jars\wagon-http-shared-3.5.3.jar
2025-09-22 14:48:45,848 [Worker-18: Launching Executing clean in C__JavaSpring_SpringBoot_algafood-api] INFO  o.eclipse.m2e.core.internal.Bundles - 	Entry: C:\Users\Microsys\Desktop\spring-tools-for-eclipse-4.32.0.RELEASE-e4.37.0-win32.win32.x86_64\sts-4.32.0.RELEASE\plugins\org.eclipse.m2e.maven.runtime_3.9.1100.20250811-2018\jars\wagon-provider-api-3.5.3.jar
2025-09-22 14:48:45,849 [Worker-18: Launching Executing clean in C__JavaSpring_SpringBoot_algafood-api] INFO  o.eclipse.m2e.core.internal.Bundles - getClasspathEntries(Bundle=com.google.guava_33.4.8.jre [31])
2025-09-22 14:48:45,849 [Worker-18: Launching Executing clean in C__JavaSpring_SpringBoot_algafood-api] INFO  o.eclipse.m2e.core.internal.Bundles - 	Entry: C:\Users\Microsys\Desktop\spring-tools-for-eclipse-4.32.0.RELEASE-e4.37.0-win32.win32.x86_64\sts-4.32.0.RELEASE\plugins\com.google.guava_33.4.8.jre.jar
2025-09-22 14:48:45,849 [Worker-18: Launching Executing clean in C__JavaSpring_SpringBoot_algafood-api] INFO  o.eclipse.m2e.core.internal.Bundles - getClasspathEntries(Bundle=slf4j.api_2.0.17 [612])
2025-09-22 14:48:45,850 [Worker-18: Launching Executing clean in C__JavaSpring_SpringBoot_algafood-api] INFO  o.eclipse.m2e.core.internal.Bundles - 	Entry: C:\Users\Microsys\Desktop\spring-tools-for-eclipse-4.32.0.RELEASE-e4.37.0-win32.win32.x86_64\sts-4.32.0.RELEASE\plugins\slf4j.api_2.0.17.jar
2025-09-22 14:48:45,850 [Worker-18: Launching Executing clean in C__JavaSpring_SpringBoot_algafood-api] INFO  o.eclipse.m2e.core.internal.Bundles - getClasspathEntries(Bundle=jakarta.inject.jakarta.inject-api_1.0.5 [46])
2025-09-22 14:48:45,850 [Worker-18: Launching Executing clean in C__JavaSpring_SpringBoot_algafood-api] INFO  o.eclipse.m2e.core.internal.Bundles - 	Entry: C:\Users\Microsys\Desktop\spring-tools-for-eclipse-4.32.0.RELEASE-e4.37.0-win32.win32.x86_64\sts-4.32.0.RELEASE\plugins\jakarta.inject.jakarta.inject-api_1.0.5.jar
2025-09-22 14:48:45,850 [Worker-18: Launching Executing clean in C__JavaSpring_SpringBoot_algafood-api] INFO  o.eclipse.m2e.core.internal.Bundles - getClasspathEntries(Bundle=jakarta.annotation-api_1.3.5 [43])
2025-09-22 14:48:45,850 [Worker-18: Launching Executing clean in C__JavaSpring_SpringBoot_algafood-api] INFO  o.eclipse.m2e.core.internal.Bundles - 	Entry: C:\Users\Microsys\Desktop\spring-tools-for-eclipse-4.32.0.RELEASE-e4.37.0-win32.win32.x86_64\sts-4.32.0.RELEASE\plugins\jakarta.annotation-api_1.3.5.jar
2025-09-22 14:48:45,850 [Worker-18: Launching Executing clean in C__JavaSpring_SpringBoot_algafood-api] INFO  o.eclipse.m2e.core.internal.Bundles - getClasspathEntries(Bundle=org.apache.commons.cli_1.10.0 [78])
2025-09-22 14:48:45,851 [Worker-18: Launching Executing clean in C__JavaSpring_SpringBoot_algafood-api] INFO  o.eclipse.m2e.core.internal.Bundles - 	Entry: C:\Users\Microsys\Desktop\spring-tools-for-eclipse-4.32.0.RELEASE-e4.37.0-win32.win32.x86_64\sts-4.32.0.RELEASE\plugins\org.apache.commons.cli_1.10.0.jar
2025-09-22 14:48:45,851 [Worker-18: Launching Executing clean in C__JavaSpring_SpringBoot_algafood-api] INFO  o.eclipse.m2e.core.internal.Bundles - getClasspathEntries(Bundle=org.apache.commons.commons-codec_1.19.0 [80])
2025-09-22 14:48:45,851 [Worker-18: Launching Executing clean in C__JavaSpring_SpringBoot_algafood-api] INFO  o.eclipse.m2e.core.internal.Bundles - 	Entry: C:\Users\Microsys\Desktop\spring-tools-for-eclipse-4.32.0.RELEASE-e4.37.0-win32.win32.x86_64\sts-4.32.0.RELEASE\plugins\org.apache.commons.commons-codec_1.19.0.jar
2025-09-22 14:48:45,851 [Worker-18: Launching Executing clean in C__JavaSpring_SpringBoot_algafood-api] INFO  o.eclipse.m2e.core.internal.Bundles - getClasspathEntries(Bundle=com.google.guava.failureaccess_1.0.3 [32])
2025-09-22 14:48:45,851 [Worker-18: Launching Executing clean in C__JavaSpring_SpringBoot_algafood-api] INFO  o.eclipse.m2e.core.internal.Bundles - 	Entry: C:\Users\Microsys\Desktop\spring-tools-for-eclipse-4.32.0.RELEASE-e4.37.0-win32.win32.x86_64\sts-4.32.0.RELEASE\plugins\com.google.guava.failureaccess_1.0.3.jar
2025-09-22 14:48:45,854 [Worker-18: Launching Executing clean in C__JavaSpring_SpringBoot_algafood-api] INFO  o.e.m.i.launch.MavenLaunchDelegate - Run build in "C:\JavaSpring\SpringBoot\algafood-api":
2025-09-22 14:48:45,854 [Worker-18: Launching Executing clean in C__JavaSpring_SpringBoot_algafood-api] INFO  o.e.m.i.launch.MavenLaunchDelegate -  mvn  -Ppom.xml -B -Dstyle.color=always clean
2025-09-22 14:48:48,639 [Worker-4: Building] INFO  o.e.m.c.i.embedder.EclipseLogger - Using 'UTF-8' encoding to copy filtered resources.
2025-09-22 14:48:48,639 [Worker-4: Building] INFO  o.e.m.c.i.embedder.EclipseLogger - Using 'UTF-8' encoding to copy filtered properties files.
2025-09-22 14:48:48,642 [Worker-4: Building] INFO  o.e.m.c.i.embedder.EclipseLogger - Copying 1 resource
2025-09-22 14:48:48,648 [Worker-4: Building] INFO  o.e.m.c.i.embedder.EclipseLogger - Copying 0 resource
2025-09-22 14:48:48,654 [Worker-4: Building] INFO  o.e.m.c.i.embedder.EclipseLogger - Using 'UTF-8' encoding to copy filtered resources.
2025-09-22 14:48:48,654 [Worker-4: Building] INFO  o.e.m.c.i.embedder.EclipseLogger - Using 'UTF-8' encoding to copy filtered properties files.
2025-09-22 14:48:48,655 [Worker-4: Building] INFO  o.e.m.c.i.embedder.EclipseLogger - skip non existing resourceDirectory C:\JavaSpring\SpringBoot\algafood-api\src\test\resources
2025-09-22 14:48:48,750 [Worker-4: Building] WARN  o.apache.maven.project.MavenProject - Direct modification of compileSourceRoots through clear() is deprecated and will not work in Maven 4.0.0. Please use the add/remove methods instead. If you're using a plugin that causes this warning, please upgrade to the latest version and report an issue if the warning persists. To disable these warnings, set -Dmaven.project.sourceRoots.warningsDisabled=true on the command line, in the .mvn/maven.config file, or in project POM properties.
2025-09-22 14:48:48,763 [Worker-4: Building] WARN  o.apache.maven.project.MavenProject - Direct modification of compileSourceRoots through add() is deprecated and will not work in Maven 4.0.0. Please use the add/remove methods instead. If you're using a plugin that causes this warning, please upgrade to the latest version and report an issue if the warning persists. To disable these warnings, set -Dmaven.project.sourceRoots.warningsDisabled=true on the command line, in the .mvn/maven.config file, or in project POM properties.
2025-09-22 14:48:48,764 [Worker-4: Building] WARN  o.apache.maven.project.MavenProject - Direct modification of testCompileSourceRoots through clear() is deprecated and will not work in Maven 4.0.0. Please use the add/remove methods instead. If you're using a plugin that causes this warning, please upgrade to the latest version and report an issue if the warning persists. To disable these warnings, set -Dmaven.project.sourceRoots.warningsDisabled=true on the command line, in the .mvn/maven.config file, or in project POM properties.
2025-09-22 14:48:48,764 [Worker-4: Building] WARN  o.apache.maven.project.MavenProject - Direct modification of testCompileSourceRoots through add() is deprecated and will not work in Maven 4.0.0. Please use the add/remove methods instead. If you're using a plugin that causes this warning, please upgrade to the latest version and report an issue if the warning persists. To disable these warnings, set -Dmaven.project.sourceRoots.warningsDisabled=true on the command line, in the .mvn/maven.config file, or in project POM properties.
2025-09-22 14:49:13,037 [Worker-12: Updating Maven Project] INFO  o.e.m.c.i.p.ProjectConfigurationManager - Update started
2025-09-22 14:49:13,968 [Worker-12: Updating Maven Project] INFO  o.e.m.c.i.l.LifecycleMappingFactory - Using org.eclipse.m2e.jdt.JarLifecycleMapping lifecycle mapping for MavenProject: com.algaworks:algafood-api:0.0.1-SNAPSHOT @ C:\JavaSpring\SpringBoot\algafood-api\pom.xml.
2025-09-22 14:49:15,492 [Worker-12: Updating Maven Project] INFO  o.e.m.j.i.AbstractJavaProjectConfigurator - Adding source folder /algafood-api/src/main/java
2025-09-22 14:49:15,494 [Worker-12: Updating Maven Project] INFO  o.e.m.j.i.AbstractJavaProjectConfigurator - Adding resource folder /algafood-api/src/main/resources
2025-09-22 14:49:15,495 [Worker-12: Updating Maven Project] INFO  o.e.m.j.i.AbstractJavaProjectConfigurator - Adding resource folder /algafood-api/src/main/resources
2025-09-22 14:49:15,495 [Worker-12: Updating Maven Project] INFO  o.e.m.j.i.AbstractJavaProjectConfigurator - Adding source folder /algafood-api/src/test/java
2025-09-22 14:49:15,496 [Worker-12: Updating Maven Project] INFO  o.e.m.j.i.AbstractJavaProjectConfigurator - Adding resource folder /algafood-api/src/test/resources
2025-09-22 14:49:15,683 [Worker-12: Updating Maven Project] WARN  o.apache.maven.project.MavenProject - Direct modification of compileSourceRoots through clear() is deprecated and will not work in Maven 4.0.0. Please use the add/remove methods instead. If you're using a plugin that causes this warning, please upgrade to the latest version and report an issue if the warning persists. To disable these warnings, set -Dmaven.project.sourceRoots.warningsDisabled=true on the command line, in the .mvn/maven.config file, or in project POM properties.
2025-09-22 14:49:15,684 [Worker-12: Updating Maven Project] WARN  o.apache.maven.project.MavenProject - Direct modification of compileSourceRoots through add() is deprecated and will not work in Maven 4.0.0. Please use the add/remove methods instead. If you're using a plugin that causes this warning, please upgrade to the latest version and report an issue if the warning persists. To disable these warnings, set -Dmaven.project.sourceRoots.warningsDisabled=true on the command line, in the .mvn/maven.config file, or in project POM properties.
2025-09-22 14:49:15,684 [Worker-12: Updating Maven Project] WARN  o.apache.maven.project.MavenProject - Direct modification of testCompileSourceRoots through clear() is deprecated and will not work in Maven 4.0.0. Please use the add/remove methods instead. If you're using a plugin that causes this warning, please upgrade to the latest version and report an issue if the warning persists. To disable these warnings, set -Dmaven.project.sourceRoots.warningsDisabled=true on the command line, in the .mvn/maven.config file, or in project POM properties.
2025-09-22 14:49:15,685 [Worker-12: Updating Maven Project] WARN  o.apache.maven.project.MavenProject - Direct modification of testCompileSourceRoots through add() is deprecated and will not work in Maven 4.0.0. Please use the add/remove methods instead. If you're using a plugin that causes this warning, please upgrade to the latest version and report an issue if the warning persists. To disable these warnings, set -Dmaven.project.sourceRoots.warningsDisabled=true on the command line, in the .mvn/maven.config file, or in project POM properties.
2025-09-22 14:49:15,791 [Worker-12: Updating Maven Project] INFO  o.e.m.c.i.p.ProjectConfigurationManager - Update completed for 1 poms: local refresh takes 0,00 sec, refresh facades takes 2,00 sec, update config takes 0,00 sec 
2025-09-22 14:49:17,228 [Worker-1: Building] INFO  o.e.m.c.i.embedder.EclipseLogger - Using 'UTF-8' encoding to copy filtered resources.
2025-09-22 14:49:17,228 [Worker-1: Building] INFO  o.e.m.c.i.embedder.EclipseLogger - Using 'UTF-8' encoding to copy filtered properties files.
2025-09-22 14:49:17,229 [Worker-1: Building] INFO  o.e.m.c.i.embedder.EclipseLogger - Copying 1 resource
2025-09-22 14:49:17,258 [Worker-1: Building] INFO  o.e.m.c.i.embedder.EclipseLogger - Copying 0 resource
2025-09-22 14:49:17,264 [Worker-1: Building] INFO  o.e.m.c.i.embedder.EclipseLogger - Using 'UTF-8' encoding to copy filtered resources.
2025-09-22 14:49:17,264 [Worker-1: Building] INFO  o.e.m.c.i.embedder.EclipseLogger - Using 'UTF-8' encoding to copy filtered properties files.
2025-09-22 14:49:17,264 [Worker-1: Building] INFO  o.e.m.c.i.embedder.EclipseLogger - skip non existing resourceDirectory C:\JavaSpring\SpringBoot\algafood-api\src\test\resources
2025-09-22 14:49:18,631 [Worker-1: Building] WARN  o.apache.maven.project.MavenProject - Direct modification of compileSourceRoots through clear() is deprecated and will not work in Maven 4.0.0. Please use the add/remove methods instead. If you're using a plugin that causes this warning, please upgrade to the latest version and report an issue if the warning persists. To disable these warnings, set -Dmaven.project.sourceRoots.warningsDisabled=true on the command line, in the .mvn/maven.config file, or in project POM properties.
2025-09-22 14:49:18,632 [Worker-1: Building] WARN  o.apache.maven.project.MavenProject - Direct modification of compileSourceRoots through add() is deprecated and will not work in Maven 4.0.0. Please use the add/remove methods instead. If you're using a plugin that causes this warning, please upgrade to the latest version and report an issue if the warning persists. To disable these warnings, set -Dmaven.project.sourceRoots.warningsDisabled=true on the command line, in the .mvn/maven.config file, or in project POM properties.
2025-09-22 14:49:18,634 [Worker-1: Building] WARN  o.apache.maven.project.MavenProject - Direct modification of testCompileSourceRoots through clear() is deprecated and will not work in Maven 4.0.0. Please use the add/remove methods instead. If you're using a plugin that causes this warning, please upgrade to the latest version and report an issue if the warning persists. To disable these warnings, set -Dmaven.project.sourceRoots.warningsDisabled=true on the command line, in the .mvn/maven.config file, or in project POM properties.
2025-09-22 14:49:18,634 [Worker-1: Building] WARN  o.apache.maven.project.MavenProject - Direct modification of testCompileSourceRoots through add() is deprecated and will not work in Maven 4.0.0. Please use the add/remove methods instead. If you're using a plugin that causes this warning, please upgrade to the latest version and report an issue if the warning persists. To disable these warnings, set -Dmaven.project.sourceRoots.warningsDisabled=true on the command line, in the .mvn/maven.config file, or in project POM properties.
2025-09-22 14:59:10,846 [Worker-18: Building] INFO  o.e.m.c.i.embedder.EclipseLogger - Using 'UTF-8' encoding to copy filtered resources.
2025-09-22 14:59:10,906 [Worker-18: Building] INFO  o.e.m.c.i.embedder.EclipseLogger - Using 'UTF-8' encoding to copy filtered properties files.
2025-09-22 14:59:10,940 [Worker-18: Building] INFO  o.e.m.c.i.embedder.EclipseLogger - Copying 1 resource
2025-09-22 14:59:11,272 [Worker-18: Building] INFO  o.e.m.c.i.embedder.EclipseLogger - Copying 0 resource
2025-09-22 14:59:11,288 [Worker-18: Building] INFO  o.e.m.c.i.embedder.EclipseLogger - Using 'UTF-8' encoding to copy filtered resources.
2025-09-22 14:59:11,288 [Worker-18: Building] INFO  o.e.m.c.i.embedder.EclipseLogger - Using 'UTF-8' encoding to copy filtered properties files.
2025-09-22 14:59:11,290 [Worker-18: Building] INFO  o.e.m.c.i.embedder.EclipseLogger - skip non existing resourceDirectory C:\JavaSpring\SpringBoot\algafood-api\src\test\resources
2025-09-22 14:59:11,296 [Worker-18: Building] WARN  o.apache.maven.project.MavenProject - Direct modification of compileSourceRoots through clear() is deprecated and will not work in Maven 4.0.0. Please use the add/remove methods instead. If you're using a plugin that causes this warning, please upgrade to the latest version and report an issue if the warning persists. To disable these warnings, set -Dmaven.project.sourceRoots.warningsDisabled=true on the command line, in the .mvn/maven.config file, or in project POM properties.
2025-09-22 14:59:11,337 [Worker-18: Building] WARN  o.apache.maven.project.MavenProject - Direct modification of compileSourceRoots through add() is deprecated and will not work in Maven 4.0.0. Please use the add/remove methods instead. If you're using a plugin that causes this warning, please upgrade to the latest version and report an issue if the warning persists. To disable these warnings, set -Dmaven.project.sourceRoots.warningsDisabled=true on the command line, in the .mvn/maven.config file, or in project POM properties.
2025-09-22 14:59:11,341 [Worker-18: Building] WARN  o.apache.maven.project.MavenProject - Direct modification of testCompileSourceRoots through clear() is deprecated and will not work in Maven 4.0.0. Please use the add/remove methods instead. If you're using a plugin that causes this warning, please upgrade to the latest version and report an issue if the warning persists. To disable these warnings, set -Dmaven.project.sourceRoots.warningsDisabled=true on the command line, in the .mvn/maven.config file, or in project POM properties.
2025-09-22 14:59:11,342 [Worker-18: Building] WARN  o.apache.maven.project.MavenProject - Direct modification of testCompileSourceRoots through add() is deprecated and will not work in Maven 4.0.0. Please use the add/remove methods instead. If you're using a plugin that causes this warning, please upgrade to the latest version and report an issue if the warning persists. To disable these warnings, set -Dmaven.project.sourceRoots.warningsDisabled=true on the command line, in the .mvn/maven.config file, or in project POM properties.
2025-09-22 14:59:53,295 [Worker-4: Building] INFO  o.e.m.c.i.embedder.EclipseLogger - Using 'UTF-8' encoding to copy filtered resources.
2025-09-22 14:59:53,296 [Worker-4: Building] INFO  o.e.m.c.i.embedder.EclipseLogger - Using 'UTF-8' encoding to copy filtered properties files.
2025-09-22 14:59:53,298 [Worker-4: Building] INFO  o.e.m.c.i.embedder.EclipseLogger - Copying 1 resource
2025-09-22 14:59:53,324 [Worker-4: Building] INFO  o.e.m.c.i.embedder.EclipseLogger - Copying 0 resource
2025-09-22 14:59:53,329 [Worker-4: Building] INFO  o.e.m.c.i.embedder.EclipseLogger - Using 'UTF-8' encoding to copy filtered resources.
2025-09-22 14:59:53,329 [Worker-4: Building] INFO  o.e.m.c.i.embedder.EclipseLogger - Using 'UTF-8' encoding to copy filtered properties files.
2025-09-22 14:59:53,329 [Worker-4: Building] INFO  o.e.m.c.i.embedder.EclipseLogger - skip non existing resourceDirectory C:\JavaSpring\SpringBoot\algafood-api\src\test\resources
2025-09-22 14:59:53,331 [Worker-4: Building] WARN  o.apache.maven.project.MavenProject - Direct modification of compileSourceRoots through clear() is deprecated and will not work in Maven 4.0.0. Please use the add/remove methods instead. If you're using a plugin that causes this warning, please upgrade to the latest version and report an issue if the warning persists. To disable these warnings, set -Dmaven.project.sourceRoots.warningsDisabled=true on the command line, in the .mvn/maven.config file, or in project POM properties.
2025-09-22 14:59:53,333 [Worker-4: Building] WARN  o.apache.maven.project.MavenProject - Direct modification of compileSourceRoots through add() is deprecated and will not work in Maven 4.0.0. Please use the add/remove methods instead. If you're using a plugin that causes this warning, please upgrade to the latest version and report an issue if the warning persists. To disable these warnings, set -Dmaven.project.sourceRoots.warningsDisabled=true on the command line, in the .mvn/maven.config file, or in project POM properties.
2025-09-22 14:59:53,334 [Worker-4: Building] WARN  o.apache.maven.project.MavenProject - Direct modification of testCompileSourceRoots through clear() is deprecated and will not work in Maven 4.0.0. Please use the add/remove methods instead. If you're using a plugin that causes this warning, please upgrade to the latest version and report an issue if the warning persists. To disable these warnings, set -Dmaven.project.sourceRoots.warningsDisabled=true on the command line, in the .mvn/maven.config file, or in project POM properties.
2025-09-22 14:59:53,336 [Worker-4: Building] WARN  o.apache.maven.project.MavenProject - Direct modification of testCompileSourceRoots through add() is deprecated and will not work in Maven 4.0.0. Please use the add/remove methods instead. If you're using a plugin that causes this warning, please upgrade to the latest version and report an issue if the warning persists. To disable these warnings, set -Dmaven.project.sourceRoots.warningsDisabled=true on the command line, in the .mvn/maven.config file, or in project POM properties.
2025-09-22 15:02:38,557 [Worker-12: Launching algafood-api - AlgafoodApiApplication] INFO  o.e.m.c.i.embedder.EclipseLogger - Using 'UTF-8' encoding to copy filtered resources.
2025-09-22 15:02:38,608 [Worker-12: Launching algafood-api - AlgafoodApiApplication] INFO  o.e.m.c.i.embedder.EclipseLogger - Using 'UTF-8' encoding to copy filtered properties files.
2025-09-22 15:02:38,620 [Worker-12: Launching algafood-api - AlgafoodApiApplication] INFO  o.e.m.c.i.embedder.EclipseLogger - Copying 1 resource
2025-09-22 15:02:39,315 [Worker-12: Launching algafood-api - AlgafoodApiApplication] INFO  o.e.m.c.i.embedder.EclipseLogger - Copying 0 resource
2025-09-22 15:02:39,357 [Worker-12: Launching algafood-api - AlgafoodApiApplication] INFO  o.e.m.c.i.embedder.EclipseLogger - Using 'UTF-8' encoding to copy filtered resources.
2025-09-22 15:02:39,357 [Worker-12: Launching algafood-api - AlgafoodApiApplication] INFO  o.e.m.c.i.embedder.EclipseLogger - Using 'UTF-8' encoding to copy filtered properties files.
2025-09-22 15:02:39,357 [Worker-12: Launching algafood-api - AlgafoodApiApplication] INFO  o.e.m.c.i.embedder.EclipseLogger - skip non existing resourceDirectory C:\JavaSpring\SpringBoot\algafood-api\src\test\resources
2025-09-22 15:02:39,359 [Worker-12: Launching algafood-api - AlgafoodApiApplication] WARN  o.apache.maven.project.MavenProject - Direct modification of compileSourceRoots through clear() is deprecated and will not work in Maven 4.0.0. Please use the add/remove methods instead. If you're using a plugin that causes this warning, please upgrade to the latest version and report an issue if the warning persists. To disable these warnings, set -Dmaven.project.sourceRoots.warningsDisabled=true on the command line, in the .mvn/maven.config file, or in project POM properties.
2025-09-22 15:02:39,381 [Worker-12: Launching algafood-api - AlgafoodApiApplication] WARN  o.apache.maven.project.MavenProject - Direct modification of compileSourceRoots through add() is deprecated and will not work in Maven 4.0.0. Please use the add/remove methods instead. If you're using a plugin that causes this warning, please upgrade to the latest version and report an issue if the warning persists. To disable these warnings, set -Dmaven.project.sourceRoots.warningsDisabled=true on the command line, in the .mvn/maven.config file, or in project POM properties.
2025-09-22 15:02:39,384 [Worker-12: Launching algafood-api - AlgafoodApiApplication] WARN  o.apache.maven.project.MavenProject - Direct modification of testCompileSourceRoots through clear() is deprecated and will not work in Maven 4.0.0. Please use the add/remove methods instead. If you're using a plugin that causes this warning, please upgrade to the latest version and report an issue if the warning persists. To disable these warnings, set -Dmaven.project.sourceRoots.warningsDisabled=true on the command line, in the .mvn/maven.config file, or in project POM properties.
2025-09-22 15:02:39,384 [Worker-12: Launching algafood-api - AlgafoodApiApplication] WARN  o.apache.maven.project.MavenProject - Direct modification of testCompileSourceRoots through add() is deprecated and will not work in Maven 4.0.0. Please use the add/remove methods instead. If you're using a plugin that causes this warning, please upgrade to the latest version and report an issue if the warning persists. To disable these warnings, set -Dmaven.project.sourceRoots.warningsDisabled=true on the command line, in the .mvn/maven.config file, or in project POM properties.
2025-09-22 16:33:51,117 [Worker-14: Building] INFO  o.e.m.c.i.l.LifecycleMappingFactory - Using org.eclipse.m2e.jdt.JarLifecycleMapping lifecycle mapping for MavenProject: com.algaworks:algafood-api:0.0.1-SNAPSHOT @ C:\JavaSpring\SpringBoot\algafood-api\pom.xml.
2025-09-22 16:33:55,642 [Worker-14: Building] INFO  o.e.m.c.i.embedder.EclipseLogger - Using 'UTF-8' encoding to copy filtered resources.
2025-09-22 16:33:55,642 [Worker-14: Building] INFO  o.e.m.c.i.embedder.EclipseLogger - Using 'UTF-8' encoding to copy filtered properties files.
2025-09-22 16:33:55,682 [Worker-14: Building] INFO  o.e.m.c.i.embedder.EclipseLogger - Copying 0 resource
2025-09-22 16:33:55,684 [Worker-14: Building] INFO  o.e.m.c.i.embedder.EclipseLogger - Copying 0 resource
2025-09-22 16:33:55,689 [Worker-14: Building] INFO  o.e.m.c.i.embedder.EclipseLogger - Using 'UTF-8' encoding to copy filtered resources.
2025-09-22 16:33:55,689 [Worker-14: Building] INFO  o.e.m.c.i.embedder.EclipseLogger - Using 'UTF-8' encoding to copy filtered properties files.
2025-09-22 16:33:55,689 [Worker-14: Building] INFO  o.e.m.c.i.embedder.EclipseLogger - skip non existing resourceDirectory C:\JavaSpring\SpringBoot\algafood-api\src\test\resources
2025-09-22 16:33:55,792 [Worker-14: Building] WARN  o.apache.maven.project.MavenProject - Direct modification of compileSourceRoots through clear() is deprecated and will not work in Maven 4.0.0. Please use the add/remove methods instead. If you're using a plugin that causes this warning, please upgrade to the latest version and report an issue if the warning persists. To disable these warnings, set -Dmaven.project.sourceRoots.warningsDisabled=true on the command line, in the .mvn/maven.config file, or in project POM properties.
2025-09-22 16:33:55,802 [Worker-14: Building] WARN  o.apache.maven.project.MavenProject - Direct modification of compileSourceRoots through add() is deprecated and will not work in Maven 4.0.0. Please use the add/remove methods instead. If you're using a plugin that causes this warning, please upgrade to the latest version and report an issue if the warning persists. To disable these warnings, set -Dmaven.project.sourceRoots.warningsDisabled=true on the command line, in the .mvn/maven.config file, or in project POM properties.
2025-09-22 16:33:55,802 [Worker-14: Building] WARN  o.apache.maven.project.MavenProject - Direct modification of testCompileSourceRoots through clear() is deprecated and will not work in Maven 4.0.0. Please use the add/remove methods instead. If you're using a plugin that causes this warning, please upgrade to the latest version and report an issue if the warning persists. To disable these warnings, set -Dmaven.project.sourceRoots.warningsDisabled=true on the command line, in the .mvn/maven.config file, or in project POM properties.
2025-09-22 16:33:55,803 [Worker-14: Building] WARN  o.apache.maven.project.MavenProject - Direct modification of testCompileSourceRoots through add() is deprecated and will not work in Maven 4.0.0. Please use the add/remove methods instead. If you're using a plugin that causes this warning, please upgrade to the latest version and report an issue if the warning persists. To disable these warnings, set -Dmaven.project.sourceRoots.warningsDisabled=true on the command line, in the .mvn/maven.config file, or in project POM properties.
2025-09-22 16:33:58,045 [Worker-18: Building] INFO  o.e.m.c.i.embedder.EclipseLogger - Using 'UTF-8' encoding to copy filtered resources.
2025-09-22 16:33:58,046 [Worker-18: Building] INFO  o.e.m.c.i.embedder.EclipseLogger - Using 'UTF-8' encoding to copy filtered properties files.
2025-09-22 16:33:58,046 [Worker-18: Building] INFO  o.e.m.c.i.embedder.EclipseLogger - Copying 1 resource
2025-09-22 16:33:58,087 [Worker-18: Building] INFO  o.e.m.c.i.embedder.EclipseLogger - Copying 0 resource
2025-09-22 16:33:58,091 [Worker-18: Building] INFO  o.e.m.c.i.embedder.EclipseLogger - Using 'UTF-8' encoding to copy filtered resources.
2025-09-22 16:33:58,091 [Worker-18: Building] INFO  o.e.m.c.i.embedder.EclipseLogger - Using 'UTF-8' encoding to copy filtered properties files.
2025-09-22 16:33:58,091 [Worker-18: Building] INFO  o.e.m.c.i.embedder.EclipseLogger - skip non existing resourceDirectory C:\JavaSpring\SpringBoot\algafood-api\src\test\resources
2025-09-22 16:33:58,108 [Worker-18: Building] WARN  o.apache.maven.project.MavenProject - Direct modification of compileSourceRoots through clear() is deprecated and will not work in Maven 4.0.0. Please use the add/remove methods instead. If you're using a plugin that causes this warning, please upgrade to the latest version and report an issue if the warning persists. To disable these warnings, set -Dmaven.project.sourceRoots.warningsDisabled=true on the command line, in the .mvn/maven.config file, or in project POM properties.
2025-09-22 16:33:58,109 [Worker-18: Building] WARN  o.apache.maven.project.MavenProject - Direct modification of compileSourceRoots through add() is deprecated and will not work in Maven 4.0.0. Please use the add/remove methods instead. If you're using a plugin that causes this warning, please upgrade to the latest version and report an issue if the warning persists. To disable these warnings, set -Dmaven.project.sourceRoots.warningsDisabled=true on the command line, in the .mvn/maven.config file, or in project POM properties.
2025-09-22 16:33:58,110 [Worker-18: Building] WARN  o.apache.maven.project.MavenProject - Direct modification of testCompileSourceRoots through clear() is deprecated and will not work in Maven 4.0.0. Please use the add/remove methods instead. If you're using a plugin that causes this warning, please upgrade to the latest version and report an issue if the warning persists. To disable these warnings, set -Dmaven.project.sourceRoots.warningsDisabled=true on the command line, in the .mvn/maven.config file, or in project POM properties.
2025-09-22 16:33:58,110 [Worker-18: Building] WARN  o.apache.maven.project.MavenProject - Direct modification of testCompileSourceRoots through add() is deprecated and will not work in Maven 4.0.0. Please use the add/remove methods instead. If you're using a plugin that causes this warning, please upgrade to the latest version and report an issue if the warning persists. To disable these warnings, set -Dmaven.project.sourceRoots.warningsDisabled=true on the command line, in the .mvn/maven.config file, or in project POM properties.
2025-09-22 16:34:49,496 [Worker-16: Building] INFO  o.e.m.c.i.embedder.EclipseLogger - Using 'UTF-8' encoding to copy filtered resources.
2025-09-22 16:34:49,497 [Worker-16: Building] INFO  o.e.m.c.i.embedder.EclipseLogger - Using 'UTF-8' encoding to copy filtered properties files.
2025-09-22 16:34:49,502 [Worker-16: Building] INFO  o.e.m.c.i.embedder.EclipseLogger - Copying 1 resource
2025-09-22 16:34:49,901 [Worker-16: Building] INFO  o.e.m.c.i.embedder.EclipseLogger - Copying 0 resource
2025-09-22 16:34:49,906 [Worker-16: Building] INFO  o.e.m.c.i.embedder.EclipseLogger - Using 'UTF-8' encoding to copy filtered resources.
2025-09-22 16:34:49,906 [Worker-16: Building] INFO  o.e.m.c.i.embedder.EclipseLogger - Using 'UTF-8' encoding to copy filtered properties files.
2025-09-22 16:34:49,906 [Worker-16: Building] INFO  o.e.m.c.i.embedder.EclipseLogger - skip non existing resourceDirectory C:\JavaSpring\SpringBoot\algafood-api\src\test\resources
2025-09-22 16:34:49,907 [Worker-16: Building] WARN  o.apache.maven.project.MavenProject - Direct modification of compileSourceRoots through clear() is deprecated and will not work in Maven 4.0.0. Please use the add/remove methods instead. If you're using a plugin that causes this warning, please upgrade to the latest version and report an issue if the warning persists. To disable these warnings, set -Dmaven.project.sourceRoots.warningsDisabled=true on the command line, in the .mvn/maven.config file, or in project POM properties.
2025-09-22 16:34:49,908 [Worker-16: Building] WARN  o.apache.maven.project.MavenProject - Direct modification of compileSourceRoots through add() is deprecated and will not work in Maven 4.0.0. Please use the add/remove methods instead. If you're using a plugin that causes this warning, please upgrade to the latest version and report an issue if the warning persists. To disable these warnings, set -Dmaven.project.sourceRoots.warningsDisabled=true on the command line, in the .mvn/maven.config file, or in project POM properties.
2025-09-22 16:34:49,909 [Worker-16: Building] WARN  o.apache.maven.project.MavenProject - Direct modification of testCompileSourceRoots through clear() is deprecated and will not work in Maven 4.0.0. Please use the add/remove methods instead. If you're using a plugin that causes this warning, please upgrade to the latest version and report an issue if the warning persists. To disable these warnings, set -Dmaven.project.sourceRoots.warningsDisabled=true on the command line, in the .mvn/maven.config file, or in project POM properties.
2025-09-22 16:34:49,910 [Worker-16: Building] WARN  o.apache.maven.project.MavenProject - Direct modification of testCompileSourceRoots through add() is deprecated and will not work in Maven 4.0.0. Please use the add/remove methods instead. If you're using a plugin that causes this warning, please upgrade to the latest version and report an issue if the warning persists. To disable these warnings, set -Dmaven.project.sourceRoots.warningsDisabled=true on the command line, in the .mvn/maven.config file, or in project POM properties.
2025-09-22 16:35:12,050 [Worker-14: Building] INFO  o.e.m.c.i.embedder.EclipseLogger - Using 'UTF-8' encoding to copy filtered resources.
2025-09-22 16:35:12,051 [Worker-14: Building] INFO  o.e.m.c.i.embedder.EclipseLogger - Using 'UTF-8' encoding to copy filtered properties files.
2025-09-22 16:35:12,052 [Worker-14: Building] INFO  o.e.m.c.i.embedder.EclipseLogger - Copying 1 resource
2025-09-22 16:35:12,178 [Worker-14: Building] INFO  o.e.m.c.i.embedder.EclipseLogger - Copying 0 resource
2025-09-22 16:35:12,181 [Worker-14: Building] INFO  o.e.m.c.i.embedder.EclipseLogger - Using 'UTF-8' encoding to copy filtered resources.
2025-09-22 16:35:12,181 [Worker-14: Building] INFO  o.e.m.c.i.embedder.EclipseLogger - Using 'UTF-8' encoding to copy filtered properties files.
2025-09-22 16:35:12,181 [Worker-14: Building] INFO  o.e.m.c.i.embedder.EclipseLogger - skip non existing resourceDirectory C:\JavaSpring\SpringBoot\algafood-api\src\test\resources
2025-09-22 16:35:12,182 [Worker-14: Building] WARN  o.apache.maven.project.MavenProject - Direct modification of compileSourceRoots through clear() is deprecated and will not work in Maven 4.0.0. Please use the add/remove methods instead. If you're using a plugin that causes this warning, please upgrade to the latest version and report an issue if the warning persists. To disable these warnings, set -Dmaven.project.sourceRoots.warningsDisabled=true on the command line, in the .mvn/maven.config file, or in project POM properties.
2025-09-22 16:35:12,183 [Worker-14: Building] WARN  o.apache.maven.project.MavenProject - Direct modification of compileSourceRoots through add() is deprecated and will not work in Maven 4.0.0. Please use the add/remove methods instead. If you're using a plugin that causes this warning, please upgrade to the latest version and report an issue if the warning persists. To disable these warnings, set -Dmaven.project.sourceRoots.warningsDisabled=true on the command line, in the .mvn/maven.config file, or in project POM properties.
2025-09-22 16:35:12,184 [Worker-14: Building] WARN  o.apache.maven.project.MavenProject - Direct modification of testCompileSourceRoots through clear() is deprecated and will not work in Maven 4.0.0. Please use the add/remove methods instead. If you're using a plugin that causes this warning, please upgrade to the latest version and report an issue if the warning persists. To disable these warnings, set -Dmaven.project.sourceRoots.warningsDisabled=true on the command line, in the .mvn/maven.config file, or in project POM properties.
2025-09-22 16:35:12,185 [Worker-14: Building] WARN  o.apache.maven.project.MavenProject - Direct modification of testCompileSourceRoots through add() is deprecated and will not work in Maven 4.0.0. Please use the add/remove methods instead. If you're using a plugin that causes this warning, please upgrade to the latest version and report an issue if the warning persists. To disable these warnings, set -Dmaven.project.sourceRoots.warningsDisabled=true on the command line, in the .mvn/maven.config file, or in project POM properties.
